<?xml version="1.0" encoding="UTF-8"?>
<coverage generated="1783133965454" clover="3.2.0">
  <project timestamp="1783133965454" name="All files">
    <metrics statements="417" coveredstatements="417" conditionals="377" coveredconditionals="377" methods="100" coveredmethods="100" elements="894" coveredelements="894" complexity="0" loc="417" ncloc="417" packages="1" files="11" classes="11"/>
    <file name="adapalene.ts" path="/Users/calvin/Documents/Claude/Skincare app/routine/src/engine/adapalene.ts">
      <metrics statements="20" coveredstatements="20" conditionals="14" coveredconditionals="14" methods="9" coveredmethods="9"/>
      <line num="12" count="4" type="stmt"/>
      <line num="23" count="45" type="stmt"/>
      <line num="27" count="3" type="stmt"/>
      <line num="28" count="3" type="cond" truecount="2" falsecount="0"/>
      <line num="32" count="2" type="stmt"/>
      <line num="33" count="2" type="cond" truecount="2" falsecount="0"/>
      <line num="38" count="21" type="stmt"/>
      <line num="50" count="38" type="stmt"/>
      <line num="51" count="38" type="cond" truecount="2" falsecount="0"/>
      <line num="52" count="37" type="cond" truecount="2" falsecount="0"/>
      <line num="53" count="22" type="cond" truecount="2" falsecount="0"/>
      <line num="54" count="21" type="stmt"/>
      <line num="59" count="21" type="cond" truecount="2" falsecount="0"/>
      <line num="60" count="20" type="stmt"/>
      <line num="61" count="20" type="cond" truecount="2" falsecount="0"/>
      <line num="73" count="3" type="stmt"/>
      <line num="79" count="4" type="stmt"/>
      <line num="90" count="8" type="stmt"/>
      <line num="93" count="4" type="stmt"/>
      <line num="109" count="7" type="stmt"/>
    </file>
    <file name="dates.ts" path="/Users/calvin/Documents/Claude/Skincare app/routine/src/engine/dates.ts">
      <metrics statements="18" coveredstatements="18" conditionals="2" coveredconditionals="2" methods="8" coveredmethods="8"/>
      <line num="4" count="8" type="stmt"/>
      <line num="8" count="1255" type="stmt"/>
      <line num="12" count="262" type="stmt"/>
      <line num="16" count="262" type="stmt"/>
      <line num="21" count="391" type="stmt"/>
      <line num="26" count="211" type="stmt"/>
      <line num="27" count="211" type="stmt"/>
      <line num="28" count="211" type="stmt"/>
      <line num="33" count="1" type="stmt"/>
      <line num="37" count="347" type="stmt"/>
      <line num="38" count="347" type="cond" truecount="2" falsecount="0"/>
      <line num="46" count="66" type="stmt"/>
      <line num="47" count="66" type="stmt"/>
      <line num="48" count="66" type="stmt"/>
      <line num="49" count="66" type="stmt"/>
      <line num="50" count="107" type="stmt"/>
      <line num="51" count="107" type="stmt"/>
      <line num="53" count="66" type="stmt"/>
    </file>
    <file name="generate.ts" path="/Users/calvin/Documents/Claude/Skincare app/routine/src/engine/generate.ts">
      <metrics statements="42" coveredstatements="42" conditionals="24" coveredconditionals="24" methods="5" coveredmethods="5"/>
      <line num="20" count="25" type="stmt"/>
      <line num="21" count="25" type="stmt"/>
      <line num="22" count="25" type="stmt"/>
      <line num="24" count="25" type="cond" truecount="2" falsecount="0"/>
      <line num="25" count="2" type="stmt"/>
      <line num="26" count="2" type="stmt"/>
      <line num="27" count="2" type="stmt"/>
      <line num="28" count="2" type="stmt"/>
      <line num="31" count="23" type="stmt"/>
      <line num="34" count="23" type="stmt"/>
      <line num="35" count="23" type="cond" truecount="2" falsecount="0"/>
      <line num="39" count="2" type="stmt"/>
      <line num="40" count="2" type="stmt"/>
      <line num="44" count="23" type="stmt"/>
      <line num="45" count="13" type="cond" truecount="2" falsecount="0"/>
      <line num="46" count="9" type="stmt"/>
      <line num="47" count="9" type="stmt"/>
      <line num="48" count="9" type="cond" truecount="2" falsecount="0"/>
      <line num="49" count="5" type="stmt"/>
      <line num="50" count="5" type="stmt"/>
      <line num="52" count="6" type="stmt"/>
      <line num="53" count="4" type="cond" truecount="2" falsecount="0"/>
      <line num="54" count="2" type="stmt"/>
      <line num="55" count="2" type="cond" truecount="2" falsecount="0"/>
      <line num="59" count="23" type="stmt"/>
      <line num="68" count="23" type="cond" truecount="2" falsecount="0"/>
      <line num="69" count="4" type="stmt"/>
      <line num="72" count="19" type="stmt"/>
      <line num="75" count="23" type="cond" truecount="2" falsecount="0"/>
      <line num="76" count="9" type="stmt"/>
      <line num="80" count="14" type="stmt"/>
      <line num="81" count="14" type="stmt"/>
      <line num="82" count="14" type="stmt"/>
      <line num="83" count="14" type="cond" truecount="2" falsecount="0"/>
      <line num="84" count="1" type="stmt"/>
      <line num="88" count="14" type="stmt"/>
      <line num="89" count="14" type="stmt"/>
      <line num="93" count="16" type="cond" truecount="2" falsecount="0"/>
      <line num="94" count="2" type="stmt"/>
      <line num="102" count="16" type="stmt"/>
      <line num="106" count="16" type="cond" truecount="2" falsecount="0"/>
      <line num="107" count="1" type="stmt"/>
    </file>
    <file name="nightType.ts" path="/Users/calvin/Documents/Claude/Skincare app/routine/src/engine/nightType.ts">
      <metrics statements="37" coveredstatements="37" conditionals="44" coveredconditionals="44" methods="5" coveredmethods="5"/>
      <line num="39" count="30" type="stmt"/>
      <line num="43" count="17" type="stmt"/>
      <line num="44" count="17" type="cond" truecount="2" falsecount="0"/>
      <line num="45" count="5" type="stmt"/>
      <line num="46" count="3" type="cond" truecount="2" falsecount="0"/>
      <line num="48" count="15" type="stmt"/>
      <line num="52" count="45" type="stmt"/>
      <line num="53" count="45" type="stmt"/>
      <line num="54" count="45" type="stmt"/>
      <line num="55" count="45" type="stmt"/>
      <line num="58" count="45" type="cond" truecount="2" falsecount="0"/>
      <line num="61" count="42" type="stmt"/>
      <line num="63" count="42" type="cond" truecount="2" falsecount="0"/>
      <line num="68" count="45" type="cond" truecount="2" falsecount="0"/>
      <line num="69" count="12" type="cond" truecount="4" falsecount="0"/>
      <line num="70" count="10" type="stmt"/>
      <line num="92" count="2" type="stmt"/>
      <line num="97" count="30" type="stmt"/>
      <line num="98" count="30" type="stmt"/>
      <line num="99" count="30" type="cond" truecount="4" falsecount="0"/>
      <line num="100" count="5" type="cond" truecount="2" falsecount="0"/>
      <line num="101" count="5" type="cond" truecount="2" falsecount="0"/>
      <line num="102" count="2" type="stmt"/>
      <line num="124" count="3" type="stmt"/>
      <line num="128" count="25" type="cond" truecount="2" falsecount="0"/>
      <line num="130" count="24" type="stmt"/>
      <line num="131" count="24" type="stmt"/>
      <line num="135" count="24" type="stmt"/>
      <line num="136" count="24" type="cond" truecount="2" falsecount="0"/>
      <line num="137" count="45" type="cond" truecount="4" falsecount="0"/>
      <line num="138" count="14" type="cond" truecount="2" falsecount="0"/>
      <line num="139" count="3" type="stmt"/>
      <line num="161" count="11" type="stmt"/>
      <line num="165" count="10" type="cond" truecount="5" falsecount="0"/>
      <line num="166" count="2" type="stmt"/>
      <line num="190" count="8" type="cond" truecount="2" falsecount="0"/>
      <line num="193" count="7" type="stmt"/>
    </file>
    <file name="quotas.ts" path="/Users/calvin/Documents/Claude/Skincare app/routine/src/engine/quotas.ts">
      <metrics statements="17" coveredstatements="17" conditionals="19" coveredconditionals="19" methods="5" coveredmethods="5"/>
      <line num="12" count="7" type="stmt"/>
      <line num="18" count="140" type="stmt"/>
      <line num="19" count="140" type="stmt"/>
      <line num="20" count="351" type="cond" truecount="4" falsecount="0"/>
      <line num="21" count="343" type="cond" truecount="2" falsecount="0"/>
      <line num="22" count="336" type="stmt"/>
      <line num="23" count="336" type="cond" truecount="2" falsecount="0"/>
      <line num="24" count="255" type="stmt"/>
      <line num="27" count="140" type="stmt"/>
      <line num="32" count="4" type="stmt"/>
      <line num="33" count="4" type="stmt"/>
      <line num="34" count="7" type="cond" truecount="4" falsecount="0"/>
      <line num="35" count="4" type="cond" truecount="4" falsecount="0"/>
      <line num="37" count="4" type="stmt"/>
      <line num="45" count="58" type="stmt"/>
      <line num="46" count="226" type="cond" truecount="3" falsecount="0"/>
      <line num="47" count="91" type="stmt"/>
    </file>
    <file name="safety.ts" path="/Users/calvin/Documents/Claude/Skincare app/routine/src/engine/safety.ts">
      <metrics statements="68" coveredstatements="68" conditionals="68" coveredconditionals="68" methods="25" coveredmethods="25"/>
      <line num="19" count="5" type="stmt"/>
      <line num="20" count="5" type="stmt"/>
      <line num="23" count="5" type="stmt"/>
      <line num="26" count="5" type="stmt"/>
      <line num="33" count="33" type="stmt"/>
      <line num="34" count="33" type="stmt"/>
      <line num="39" count="10" type="stmt"/>
      <line num="40" count="23" type="cond" truecount="2" falsecount="0"/>
      <line num="41" count="22" type="stmt"/>
      <line num="42" count="10" type="stmt"/>
      <line num="47" count="47" type="stmt"/>
      <line num="52" count="18" type="stmt"/>
      <line num="57" count="57" type="cond" truecount="3" falsecount="0"/>
      <line num="62" count="17" type="stmt"/>
      <line num="66" count="32452" type="stmt"/>
      <line num="67" count="2257" type="cond" truecount="2" falsecount="0"/>
      <line num="92" count="57" type="stmt"/>
      <line num="93" count="238" type="stmt"/>
      <line num="94" count="57" type="stmt"/>
      <line num="95" count="1799" type="stmt"/>
      <line num="97" count="57" type="cond" truecount="2" falsecount="0"/>
      <line num="99" count="51" type="cond" truecount="2" falsecount="0"/>
      <line num="100" count="2" type="stmt"/>
      <line num="102" count="213" type="stmt"/>
      <line num="103" count="51" type="cond" truecount="2" falsecount="0"/>
      <line num="104" count="2" type="stmt"/>
      <line num="109" count="51" type="stmt"/>
      <line num="110" count="213" type="stmt"/>
      <line num="111" count="213" type="cond" truecount="3" falsecount="0"/>
      <line num="114" count="51" type="cond" truecount="5" falsecount="0"/>
      <line num="119" count="51" type="cond" truecount="4" falsecount="0"/>
      <line num="120" count="4" type="stmt"/>
      <line num="125" count="57" type="stmt"/>
      <line num="133" count="57" type="stmt"/>
      <line num="134" count="285" type="cond" truecount="4" falsecount="0"/>
      <line num="139" count="57" type="stmt"/>
      <line num="140" count="114" type="cond" truecount="2" falsecount="0"/>
      <line num="141" count="11" type="stmt"/>
      <line num="142" count="29" type="stmt"/>
      <line num="143" count="29" type="cond" truecount="2" falsecount="0"/>
      <line num="144" count="18" type="cond" truecount="3" falsecount="0"/>
      <line num="147" count="11" type="cond" truecount="3" falsecount="0"/>
      <line num="149" count="3" type="stmt"/>
      <line num="150" count="114" type="cond" truecount="4" falsecount="0"/>
      <line num="151" count="6" type="stmt"/>
      <line num="158" count="57" type="stmt"/>
      <line num="159" count="99" type="cond" truecount="4" falsecount="0"/>
      <line num="160" count="639" type="stmt"/>
      <line num="161" count="89" type="cond" truecount="2" falsecount="0"/>
      <line num="163" count="57" type="stmt"/>
      <line num="164" count="238" type="cond" truecount="2" falsecount="0"/>
      <line num="165" count="11" type="cond" truecount="2" falsecount="0"/>
      <line num="166" count="4" type="cond" truecount="2" falsecount="0"/>
      <line num="167" count="1" type="stmt"/>
      <line num="169" count="4" type="stmt"/>
      <line num="171" count="7" type="cond" truecount="4" falsecount="0"/>
      <line num="172" count="1" type="stmt"/>
      <line num="178" count="57" type="stmt"/>
      <line num="179" count="57" type="cond" truecount="2" falsecount="0"/>
      <line num="180" count="12" type="stmt"/>
      <line num="181" count="12" type="cond" truecount="2" falsecount="0"/>
      <line num="182" count="1" type="stmt"/>
      <line num="184" count="12" type="stmt"/>
      <line num="185" count="846" type="stmt"/>
      <line num="186" count="66" type="stmt"/>
      <line num="188" count="12" type="cond" truecount="4" falsecount="0"/>
      <line num="189" count="1" type="stmt"/>
      <line num="193" count="57" type="stmt"/>
    </file>
    <file name="seed.ts" path="/Users/calvin/Documents/Claude/Skincare app/routine/src/engine/seed.ts">
      <metrics statements="2" coveredstatements="2" conditionals="0" coveredconditionals="0" methods="2" coveredmethods="2"/>
      <line num="8" count="2" type="stmt"/>
      <line num="40" count="2" type="stmt"/>
    </file>
    <file name="sequence.ts" path="/Users/calvin/Documents/Claude/Skincare app/routine/src/engine/sequence.ts">
      <metrics statements="169" coveredstatements="169" conditionals="167" coveredconditionals="167" methods="27" coveredmethods="27"/>
      <line num="48" count="73" type="stmt"/>
      <line num="49" count="73" type="stmt"/>
      <line num="53" count="4453" type="stmt"/>
      <line num="57" count="67" type="stmt"/>
      <line num="62" count="385" type="stmt"/>
      <line num="63" count="385" type="cond" truecount="2" falsecount="0"/>
      <line num="64" count="384" type="stmt"/>
      <line num="75" count="14" type="stmt"/>
      <line num="79" count="19" type="stmt"/>
      <line num="84" count="64" type="cond" truecount="2" falsecount="0"/>
      <line num="88" count="2" type="stmt"/>
      <line num="91" count="92" type="stmt"/>
      <line num="92" count="92" type="cond" truecount="2" falsecount="0"/>
      <line num="96" count="229" type="cond" truecount="2" falsecount="0"/>
      <line num="101" count="105" type="stmt"/>
      <line num="103" count="105" type="cond" truecount="2" falsecount="0"/>
      <line num="110" count="53" type="cond" truecount="2" falsecount="0"/>
      <line num="111" count="52" type="stmt"/>
      <line num="112" count="52" type="cond" truecount="2" falsecount="0"/>
      <line num="113" count="53" type="stmt"/>
      <line num="114" count="53" type="cond" truecount="2" falsecount="0"/>
      <line num="116" count="46" type="stmt"/>
      <line num="118" count="6" type="stmt"/>
      <line num="119" count="366" type="stmt"/>
      <line num="121" count="6" type="stmt"/>
      <line num="122" count="6" type="stmt"/>
      <line num="123" count="6" type="cond" truecount="2" falsecount="0"/>
      <line num="130" count="73" type="cond" truecount="2" falsecount="0"/>
      <line num="131" count="20" type="cond" truecount="2" falsecount="0"/>
      <line num="132" count="20" type="cond" truecount="2" falsecount="0"/>
      <line num="133" count="1" type="stmt"/>
      <line num="134" count="20" type="cond" truecount="2" falsecount="0"/>
      <line num="135" count="3" type="stmt"/>
      <line num="136" count="20" type="cond" truecount="2" falsecount="0"/>
      <line num="137" count="1" type="stmt"/>
      <line num="138" count="20" type="cond" truecount="2" falsecount="0"/>
      <line num="139" count="1" type="stmt"/>
      <line num="141" count="53" type="cond" truecount="2" falsecount="0"/>
      <line num="142" count="1" type="stmt"/>
      <line num="149" count="20" type="stmt"/>
      <line num="150" count="20" type="stmt"/>
      <line num="151" count="20" type="stmt"/>
      <line num="152" count="20" type="stmt"/>
      <line num="155" count="20" type="cond" truecount="4" falsecount="0"/>
      <line num="156" count="2" type="stmt"/>
      <line num="158" count="20" type="cond" truecount="2" falsecount="0"/>
      <line num="159" count="1" type="stmt"/>
      <line num="162" count="20" type="cond" truecount="2" falsecount="0"/>
      <line num="163" count="16" type="cond" truecount="2" falsecount="0"/>
      <line num="164" count="15" type="stmt"/>
      <line num="166" count="16" type="stmt"/>
      <line num="167" count="16" type="cond" truecount="2" falsecount="0"/>
      <line num="168" count="16" type="stmt"/>
      <line num="169" count="16" type="cond" truecount="2" falsecount="0"/>
      <line num="170" count="16" type="cond" truecount="2" falsecount="0"/>
      <line num="171" count="4" type="stmt"/>
      <line num="173" count="12" type="stmt"/>
      <line num="175" count="16" type="cond" truecount="2" falsecount="0"/>
      <line num="176" count="12" type="stmt"/>
      <line num="179" count="4" type="stmt"/>
      <line num="187" count="4" type="stmt"/>
      <line num="188" count="4" type="cond" truecount="2" falsecount="0"/>
      <line num="189" count="4" type="stmt"/>
      <line num="190" count="4" type="cond" truecount="2" falsecount="0"/>
      <line num="191" count="4" type="stmt"/>
      <line num="194" count="20" type="stmt"/>
      <line num="197" count="20" type="cond" truecount="5" falsecount="0"/>
      <line num="198" count="16" type="stmt"/>
      <line num="200" count="20" type="cond" truecount="2" falsecount="0"/>
      <line num="201" count="1" type="stmt"/>
      <line num="202" count="1" type="stmt"/>
      <line num="203" count="1" type="stmt"/>
      <line num="205" count="20" type="cond" truecount="4" falsecount="0"/>
      <line num="206" count="12" type="stmt"/>
      <line num="207" count="12" type="stmt"/>
      <line num="209" count="20" type="cond" truecount="2" falsecount="0"/>
      <line num="210" count="4" type="stmt"/>
      <line num="211" count="4" type="cond" truecount="2" falsecount="0"/>
      <line num="212" count="1" type="stmt"/>
      <line num="213" count="4" type="cond" truecount="2" falsecount="0"/>
      <line num="214" count="1" type="stmt"/>
      <line num="216" count="20" type="stmt"/>
      <line num="217" count="20" type="cond" truecount="5" falsecount="0"/>
      <line num="218" count="4" type="stmt"/>
      <line num="220" count="20" type="cond" truecount="4" falsecount="0"/>
      <line num="221" count="4" type="stmt"/>
      <line num="224" count="20" type="stmt"/>
      <line num="230" count="53" type="stmt"/>
      <line num="231" count="53" type="stmt"/>
      <line num="232" count="53" type="cond" truecount="2" falsecount="0"/>
      <line num="234" count="6" type="cond" truecount="2" falsecount="0"/>
      <line num="235" count="6" type="stmt"/>
      <line num="236" count="6" type="stmt"/>
      <line num="238" count="47" type="cond" truecount="2" falsecount="0"/>
      <line num="239" count="6" type="stmt"/>
      <line num="240" count="6" type="stmt"/>
      <line num="242" count="41" type="stmt"/>
      <line num="248" count="5" type="cond" truecount="2" falsecount="0"/>
      <line num="250" count="4" type="stmt"/>
      <line num="252" count="5" type="cond" truecount="4" falsecount="0"/>
      <line num="253" count="3" type="stmt"/>
      <line num="257" count="53" type="cond" truecount="2" falsecount="0"/>
      <line num="258" count="53" type="stmt"/>
      <line num="259" count="53" type="stmt"/>
      <line num="260" count="53" type="stmt"/>
      <line num="261" count="53" type="stmt"/>
      <line num="262" count="53" type="stmt"/>
      <line num="263" count="53" type="stmt"/>
      <line num="264" count="53" type="stmt"/>
      <line num="266" count="53" type="stmt"/>
      <line num="269" count="53" type="cond" truecount="4" falsecount="0"/>
      <line num="270" count="2" type="stmt"/>
      <line num="274" count="53" type="cond" truecount="2" falsecount="0"/>
      <line num="275" count="5" type="stmt"/>
      <line num="278" count="53" type="stmt"/>
      <line num="282" count="53" type="cond" truecount="4" falsecount="0"/>
      <line num="287" count="53" type="cond" truecount="5" falsecount="0"/>
      <line num="295" count="53" type="cond" truecount="2" falsecount="0"/>
      <line num="296" count="53" type="cond" truecount="5" falsecount="0"/>
      <line num="297" count="40" type="cond" truecount="5" falsecount="0"/>
      <line num="298" count="1" type="stmt"/>
      <line num="299" count="1" type="stmt"/>
      <line num="301" count="39" type="stmt"/>
      <line num="305" count="53" type="cond" truecount="7" falsecount="0"/>
      <line num="307" count="10" type="stmt"/>
      <line num="308" count="10" type="stmt"/>
      <line num="316" count="10" type="stmt"/>
      <line num="317" count="10" type="stmt"/>
      <line num="318" count="10" type="stmt"/>
      <line num="319" count="10" type="stmt"/>
      <line num="320" count="10" type="cond" truecount="4" falsecount="0"/>
      <line num="321" count="3" type="cond" truecount="2" falsecount="0"/>
      <line num="323" count="10" type="stmt"/>
      <line num="326" count="1" type="stmt"/>
      <line num="327" count="1" type="stmt"/>
      <line num="330" count="1" type="stmt"/>
      <line num="331" count="1" type="stmt"/>
      <line num="334" count="5" type="cond" truecount="2" falsecount="0"/>
      <line num="335" count="5" type="cond" truecount="2" falsecount="0"/>
      <line num="336" count="5" type="stmt"/>
      <line num="337" count="5" type="stmt"/>
      <line num="340" count="6" type="stmt"/>
      <line num="341" count="6" type="stmt"/>
      <line num="342" count="6" type="stmt"/>
      <line num="346" count="30" type="stmt"/>
      <line num="350" count="53" type="cond" truecount="5" falsecount="0"/>
      <line num="351" count="1" type="stmt"/>
      <line num="353" count="52" type="stmt"/>
      <line num="357" count="53" type="stmt"/>
      <line num="358" count="12" type="cond" truecount="3" falsecount="0"/>
      <line num="360" count="53" type="cond" truecount="2" falsecount="0"/>
      <line num="361" count="10" type="stmt"/>
      <line num="363" count="10" type="stmt"/>
      <line num="368" count="53" type="cond" truecount="2" falsecount="0"/>
      <line num="369" count="2" type="stmt"/>
      <line num="372" count="53" type="cond" truecount="4" falsecount="0"/>
      <line num="373" count="1" type="stmt"/>
      <line num="375" count="53" type="stmt"/>
      <line num="376" count="53" type="cond" truecount="4" falsecount="0"/>
      <line num="377" count="3" type="stmt"/>
      <line num="379" count="53" type="cond" truecount="4" falsecount="0"/>
      <line num="380" count="8" type="stmt"/>
      <line num="382" count="53" type="stmt"/>
      <line num="383" count="53" type="cond" truecount="2" falsecount="0"/>
      <line num="384" count="1" type="stmt"/>
      <line num="387" count="53" type="stmt"/>
      <line num="391" count="10" type="stmt"/>
      <line num="396" count="73" type="cond" truecount="2" falsecount="0"/>
      <line num="397" count="53" type="stmt"/>
    </file>
    <file name="spots.ts" path="/Users/calvin/Documents/Claude/Skincare app/routine/src/engine/spots.ts">
      <metrics statements="34" coveredstatements="34" conditionals="31" coveredconditionals="31" methods="13" coveredmethods="13"/>
      <line num="16" count="2" type="stmt"/>
      <line num="24" count="32" type="stmt"/>
      <line num="26" count="32" type="stmt"/>
      <line num="27" count="4" type="stmt"/>
      <line num="28" count="1" type="cond" truecount="3" falsecount="0"/>
      <line num="30" count="4" type="cond" truecount="2" falsecount="0"/>
      <line num="31" count="3" type="stmt"/>
      <line num="44" count="32" type="cond" truecount="2" falsecount="0"/>
      <line num="45" count="32" type="stmt"/>
      <line num="46" count="4" type="stmt"/>
      <line num="47" count="4" type="cond" truecount="2" falsecount="0"/>
      <line num="48" count="3" type="stmt"/>
      <line num="49" count="3" type="stmt"/>
      <line num="50" count="3" type="cond" truecount="4" falsecount="0"/>
      <line num="51" count="1" type="stmt"/>
      <line num="55" count="32" type="stmt"/>
      <line num="60" count="18" type="stmt"/>
      <line num="61" count="79" type="cond" truecount="2" falsecount="0"/>
      <line num="62" count="64" type="stmt"/>
      <line num="63" count="18" type="stmt"/>
      <line num="71" count="17" type="cond" truecount="2" falsecount="0"/>
      <line num="72" count="16" type="stmt"/>
      <line num="73" count="16" type="cond" truecount="2" falsecount="0"/>
      <line num="74" count="11" type="stmt"/>
      <line num="75" count="11" type="cond" truecount="2" falsecount="0"/>
      <line num="76" count="11" type="stmt"/>
      <line num="84" count="12" type="stmt"/>
      <line num="85" count="12" type="stmt"/>
      <line num="92" count="12" type="cond" truecount="2" falsecount="0"/>
      <line num="113" count="12" type="stmt"/>
      <line num="131" count="7" type="cond" truecount="2" falsecount="0"/>
      <line num="132" count="5" type="stmt"/>
      <line num="133" count="5" type="cond" truecount="2" falsecount="0"/>
      <line num="134" count="4" type="cond" truecount="2" falsecount="0"/>
    </file>
    <file name="types.ts" path="/Users/calvin/Documents/Claude/Skincare app/routine/src/engine/types.ts">
      <metrics statements="6" coveredstatements="6" conditionals="0" coveredconditionals="0" methods="0" coveredmethods="0"/>
      <line num="12" count="8" type="stmt"/>
      <line num="27" count="8" type="stmt"/>
      <line num="35" count="8" type="stmt"/>
      <line num="38" count="8" type="stmt"/>
      <line num="52" count="8" type="stmt"/>
      <line num="93" count="8" type="stmt"/>
    </file>
    <file name="weather.ts" path="/Users/calvin/Documents/Claude/Skincare app/routine/src/engine/weather.ts">
      <metrics statements="4" coveredstatements="4" conditionals="8" coveredconditionals="8" methods="1" coveredmethods="1"/>
      <line num="4" count="8" type="stmt"/>
      <line num="27" count="8" type="stmt"/>
      <line num="41" count="87" type="cond" truecount="2" falsecount="0"/>
      <line num="42" count="20" type="stmt"/>
    </file>
  </project>
</coverage>
