{"/Users/calvin/Documents/Claude/Skincare app/routine/src/engine/adapalene.ts": {"path":"/Users/calvin/Documents/Claude/Skincare app/routine/src/engine/adapalene.ts","statementMap":{"0":{"start":{"line":12,"column":55},"end":{"line":20,"column":null}},"1":{"start":{"line":23,"column":2},"end":{"line":23,"column":null}},"2":{"start":{"line":27,"column":12},"end":{"line":27,"column":null}},"3":{"start":{"line":28,"column":2},"end":{"line":28,"column":null}},"4":{"start":{"line":32,"column":12},"end":{"line":32,"column":null}},"5":{"start":{"line":33,"column":2},"end":{"line":33,"column":null}},"6":{"start":{"line":38,"column":2},"end":{"line":38,"column":null}},"7":{"start":{"line":50,"column":17},"end":{"line":50,"column":null}},"8":{"start":{"line":51,"column":2},"end":{"line":51,"column":null}},"9":{"start":{"line":51,"column":20},"end":{"line":51,"column":null}},"10":{"start":{"line":52,"column":2},"end":{"line":52,"column":null}},"11":{"start":{"line":52,"column":55},"end":{"line":52,"column":null}},"12":{"start":{"line":53,"column":2},"end":{"line":53,"column":null}},"13":{"start":{"line":53,"column":38},"end":{"line":53,"column":null}},"14":{"start":{"line":54,"column":2},"end":{"line":54,"column":null}},"15":{"start":{"line":59,"column":2},"end":{"line":59,"column":null}},"16":{"start":{"line":59,"column":36},"end":{"line":59,"column":null}},"17":{"start":{"line":60,"column":8},"end":{"line":60,"column":null}},"18":{"start":{"line":61,"column":2},"end":{"line":61,"column":null}},"19":{"start":{"line":73,"column":2},"end":{"line":76,"column":null}},"20":{"start":{"line":79,"column":53},"end":{"line":87,"column":null}},"21":{"start":{"line":90,"column":2},"end":{"line":90,"column":null}},"22":{"start":{"line":93,"column":49},"end":{"line":106,"column":null}},"23":{"start":{"line":109,"column":2},"end":{"line":109,"column":null}}},"fnMap":{"0":{"name":"phaseWeeklyTarget","decl":{"start":{"line":22,"column":16},"end":{"line":22,"column":34}},"loc":{"start":{"line":22,"column":65},"end":{"line":24,"column":null}},"line":22},"1":{"name":"nextPhase","decl":{"start":{"line":26,"column":16},"end":{"line":26,"column":26}},"loc":{"start":{"line":26,"column":72},"end":{"line":29,"column":null}},"line":26},"2":{"name":"previousPhase","decl":{"start":{"line":31,"column":16},"end":{"line":31,"column":30}},"loc":{"start":{"line":31,"column":76},"end":{"line":34,"column":null}},"line":31},"3":{"name":"minGapDays","decl":{"start":{"line":37,"column":9},"end":{"line":37,"column":20}},"loc":{"start":{"line":37,"column":44},"end":{"line":39,"column":null}},"line":37},"4":{"name":"isAdapaleneDue","decl":{"start":{"line":45,"column":16},"end":{"line":45,"column":null}},"loc":{"start":{"line":49,"column":11},"end":{"line":55,"column":null}},"line":49},"5":{"name":"isInPurgeWindow","decl":{"start":{"line":58,"column":16},"end":{"line":58,"column":32}},"loc":{"start":{"line":58,"column":80},"end":{"line":62,"column":null}},"line":58},"6":{"name":"advanceToPhase","decl":{"start":{"line":68,"column":16},"end":{"line":68,"column":null}},"loc":{"start":{"line":72,"column":67},"end":{"line":77,"column":null}},"line":72},"7":{"name":"applicationSiteWording","decl":{"start":{"line":89,"column":16},"end":{"line":89,"column":39}},"loc":{"start":{"line":89,"column":70},"end":{"line":91,"column":null}},"line":89},"8":{"name":"phaseGuidance","decl":{"start":{"line":108,"column":16},"end":{"line":108,"column":30}},"loc":{"start":{"line":108,"column":61},"end":{"line":110,"column":null}},"line":108}},"branchMap":{"0":{"loc":{"start":{"line":28,"column":9},"end":{"line":28,"column":null}},"type":"binary-expr","locations":[{"start":{"line":28,"column":9},"end":{"line":28,"column":36}},{"start":{"line":28,"column":36},"end":{"line":28,"column":null}}],"line":28},"1":{"loc":{"start":{"line":33,"column":9},"end":{"line":33,"column":null}},"type":"cond-expr","locations":[{"start":{"line":33,"column":18},"end":{"line":33,"column":63}},{"start":{"line":33,"column":63},"end":{"line":33,"column":null}}],"line":33},"2":{"loc":{"start":{"line":51,"column":2},"end":{"line":51,"column":null}},"type":"if","locations":[{"start":{"line":51,"column":2},"end":{"line":51,"column":null}},{"start":{},"end":{}}],"line":51},"3":{"loc":{"start":{"line":52,"column":2},"end":{"line":52,"column":null}},"type":"if","locations":[{"start":{"line":52,"column":2},"end":{"line":52,"column":null}},{"start":{},"end":{}}],"line":52},"4":{"loc":{"start":{"line":53,"column":2},"end":{"line":53,"column":null}},"type":"if","locations":[{"start":{"line":53,"column":2},"end":{"line":53,"column":null}},{"start":{},"end":{}}],"line":53},"5":{"loc":{"start":{"line":59,"column":2},"end":{"line":59,"column":null}},"type":"if","locations":[{"start":{"line":59,"column":2},"end":{"line":59,"column":null}},{"start":{},"end":{}}],"line":59},"6":{"loc":{"start":{"line":61,"column":9},"end":{"line":61,"column":null}},"type":"binary-expr","locations":[{"start":{"line":61,"column":9},"end":{"line":61,"column":20}},{"start":{"line":61,"column":20},"end":{"line":61,"column":null}}],"line":61}},"s":{"0":4,"1":45,"2":3,"3":3,"4":2,"5":2,"6":21,"7":38,"8":38,"9":1,"10":37,"11":15,"12":22,"13":1,"14":21,"15":21,"16":1,"17":20,"18":20,"19":3,"20":4,"21":8,"22":4,"23":7},"f":{"0":45,"1":3,"2":2,"3":21,"4":38,"5":21,"6":3,"7":8,"8":7},"b":{"0":[3,1],"1":[1,1],"2":[1,37],"3":[15,22],"4":[1,21],"5":[1,20],"6":[20,5]},"meta":{"lastBranch":7,"lastFunction":9,"lastStatement":24,"seen":{"s:12:55:20:Infinity":0,"f:22:16:22:34":0,"s:23:2:23:Infinity":1,"f:26:16:26:26":1,"s:27:12:27:Infinity":2,"s:28:2:28:Infinity":3,"b:28:9:28:36:28:36:28:Infinity":0,"f:31:16:31:30":2,"s:32:12:32:Infinity":4,"s:33:2:33:Infinity":5,"b:33:18:33:63:33:63:33:Infinity":1,"f:37:9:37:20":3,"s:38:2:38:Infinity":6,"f:45:16:45:Infinity":4,"s:50:17:50:Infinity":7,"b:51:2:51:Infinity:undefined:undefined:undefined:undefined":2,"s:51:2:51:Infinity":8,"s:51:20:51:Infinity":9,"b:52:2:52:Infinity:undefined:undefined:undefined:undefined":3,"s:52:2:52:Infinity":10,"s:52:55:52:Infinity":11,"b:53:2:53:Infinity:undefined:undefined:undefined:undefined":4,"s:53:2:53:Infinity":12,"s:53:38:53:Infinity":13,"s:54:2:54:Infinity":14,"f:58:16:58:32":5,"b:59:2:59:Infinity:undefined:undefined:undefined:undefined":5,"s:59:2:59:Infinity":15,"s:59:36:59:Infinity":16,"s:60:8:60:Infinity":17,"s:61:2:61:Infinity":18,"b:61:9:61:20:61:20:61:Infinity":6,"f:68:16:68:Infinity":6,"s:73:2:76:Infinity":19,"s:79:53:87:Infinity":20,"f:89:16:89:39":7,"s:90:2:90:Infinity":21,"s:93:49:106:Infinity":22,"f:108:16:108:30":8,"s:109:2:109:Infinity":23},"fnNames":{}}}
,"/Users/calvin/Documents/Claude/Skincare app/routine/src/engine/dates.ts": {"path":"/Users/calvin/Documents/Claude/Skincare app/routine/src/engine/dates.ts","statementMap":{"0":{"start":{"line":4,"column":19},"end":{"line":4,"column":null}},"1":{"start":{"line":8,"column":2},"end":{"line":8,"column":null}},"2":{"start":{"line":12,"column":2},"end":{"line":12,"column":null}},"3":{"start":{"line":16,"column":2},"end":{"line":16,"column":null}},"4":{"start":{"line":21,"column":2},"end":{"line":21,"column":null}},"5":{"start":{"line":26,"column":22},"end":{"line":26,"column":null}},"6":{"start":{"line":27,"column":8},"end":{"line":27,"column":null}},"7":{"start":{"line":28,"column":2},"end":{"line":28,"column":null}},"8":{"start":{"line":33,"column":2},"end":{"line":33,"column":null}},"9":{"start":{"line":37,"column":12},"end":{"line":37,"column":null}},"10":{"start":{"line":38,"column":2},"end":{"line":38,"column":null}},"11":{"start":{"line":46,"column":14},"end":{"line":46,"column":null}},"12":{"start":{"line":47,"column":12},"end":{"line":47,"column":null}},"13":{"start":{"line":48,"column":15},"end":{"line":48,"column":null}},"14":{"start":{"line":49,"column":2},"end":{"line":52,"column":null}},"15":{"start":{"line":50,"column":4},"end":{"line":50,"column":null}},"16":{"start":{"line":51,"column":4},"end":{"line":51,"column":null}},"17":{"start":{"line":53,"column":2},"end":{"line":53,"column":null}}},"fnMap":{"0":{"name":"toUtc","decl":{"start":{"line":7,"column":9},"end":{"line":7,"column":15}},"loc":{"start":{"line":7,"column":38},"end":{"line":9,"column":null}},"line":7},"1":{"name":"toIso","decl":{"start":{"line":11,"column":9},"end":{"line":11,"column":15}},"loc":{"start":{"line":11,"column":39},"end":{"line":13,"column":null}},"line":11},"2":{"name":"addDays","decl":{"start":{"line":15,"column":16},"end":{"line":15,"column":24}},"loc":{"start":{"line":15,"column":59},"end":{"line":17,"column":null}},"line":15},"3":{"name":"diffDays","decl":{"start":{"line":20,"column":16},"end":{"line":20,"column":25}},"loc":{"start":{"line":20,"column":57},"end":{"line":22,"column":null}},"line":20},"4":{"name":"weekdayOf","decl":{"start":{"line":24,"column":16},"end":{"line":24,"column":26}},"loc":{"start":{"line":24,"column":50},"end":{"line":29,"column":null}},"line":24},"5":{"name":"rolling7Start","decl":{"start":{"line":32,"column":16},"end":{"line":32,"column":30}},"loc":{"start":{"line":32,"column":55},"end":{"line":34,"column":null}},"line":32},"6":{"name":"isInRolling7","decl":{"start":{"line":36,"column":16},"end":{"line":36,"column":29}},"loc":{"start":{"line":36,"column":69},"end":{"line":39,"column":null}},"line":36},"7":{"name":"consecutiveRunEndingAt","decl":{"start":{"line":45,"column":16},"end":{"line":45,"column":39}},"loc":{"start":{"line":45,"column":83},"end":{"line":54,"column":null}},"line":45}},"branchMap":{"0":{"loc":{"start":{"line":38,"column":9},"end":{"line":38,"column":null}},"type":"binary-expr","locations":[{"start":{"line":38,"column":9},"end":{"line":38,"column":19}},{"start":{"line":38,"column":19},"end":{"line":38,"column":null}}],"line":38}},"s":{"0":8,"1":1255,"2":262,"3":262,"4":391,"5":211,"6":211,"7":211,"8":1,"9":347,"10":347,"11":66,"12":66,"13":66,"14":66,"15":107,"16":107,"17":66},"f":{"0":1255,"1":262,"2":262,"3":391,"4":211,"5":1,"6":347,"7":66},"b":{"0":[347,346]},"meta":{"lastBranch":1,"lastFunction":8,"lastStatement":18,"seen":{"s:4:19:4:Infinity":0,"f:7:9:7:15":0,"s:8:2:8:Infinity":1,"f:11:9:11:15":1,"s:12:2:12:Infinity":2,"f:15:16:15:24":2,"s:16:2:16:Infinity":3,"f:20:16:20:25":3,"s:21:2:21:Infinity":4,"f:24:16:24:26":4,"s:26:22:26:Infinity":5,"s:27:8:27:Infinity":6,"s:28:2:28:Infinity":7,"f:32:16:32:30":5,"s:33:2:33:Infinity":8,"f:36:16:36:29":6,"s:37:12:37:Infinity":9,"s:38:2:38:Infinity":10,"b:38:9:38:19:38:19:38:Infinity":0,"f:45:16:45:39":7,"s:46:14:46:Infinity":11,"s:47:12:47:Infinity":12,"s:48:15:48:Infinity":13,"s:49:2:52:Infinity":14,"s:50:4:50:Infinity":15,"s:51:4:51:Infinity":16,"s:53:2:53:Infinity":17},"fnNames":{}}}
,"/Users/calvin/Documents/Claude/Skincare app/routine/src/engine/generate.ts": {"path":"/Users/calvin/Documents/Claude/Skincare app/routine/src/engine/generate.ts","statementMap":{"0":{"start":{"line":20,"column":8},"end":{"line":20,"column":null}},"1":{"start":{"line":21,"column":43},"end":{"line":21,"column":null}},"2":{"start":{"line":22,"column":35},"end":{"line":22,"column":null}},"3":{"start":{"line":24,"column":2},"end":{"line":29,"column":null}},"4":{"start":{"line":25,"column":10},"end":{"line":25,"column":null}},"5":{"start":{"line":26,"column":4},"end":{"line":26,"column":null}},"6":{"start":{"line":27,"column":4},"end":{"line":27,"column":null}},"7":{"start":{"line":28,"column":4},"end":{"line":28,"column":null}},"8":{"start":{"line":31,"column":29},"end":{"line":31,"column":null}},"9":{"start":{"line":34,"column":21},"end":{"line":34,"column":null}},"10":{"start":{"line":35,"column":2},"end":{"line":41,"column":null}},"11":{"start":{"line":39,"column":4},"end":{"line":39,"column":null}},"12":{"start":{"line":40,"column":4},"end":{"line":40,"column":null}},"13":{"start":{"line":44,"column":2},"end":{"line":57,"column":null}},"14":{"start":{"line":45,"column":4},"end":{"line":45,"column":null}},"15":{"start":{"line":45,"column":65},"end":{"line":45,"column":null}},"16":{"start":{"line":46,"column":10},"end":{"line":46,"column":null}},"17":{"start":{"line":47,"column":19},"end":{"line":47,"column":null}},"18":{"start":{"line":47,"column":53},"end":{"line":47,"column":77}},"19":{"start":{"line":48,"column":4},"end":{"line":51,"column":null}},"20":{"start":{"line":49,"column":6},"end":{"line":49,"column":null}},"21":{"start":{"line":50,"column":6},"end":{"line":50,"column":null}},"22":{"start":{"line":52,"column":19},"end":{"line":52,"column":null}},"23":{"start":{"line":52,"column":44},"end":{"line":52,"column":74}},"24":{"start":{"line":53,"column":4},"end":{"line":56,"column":null}},"25":{"start":{"line":54,"column":6},"end":{"line":54,"column":null}},"26":{"start":{"line":55,"column":6},"end":{"line":55,"column":null}},"27":{"start":{"line":55,"column":47},"end":{"line":55,"column":null}},"28":{"start":{"line":59,"column":8},"end":{"line":66,"column":null}},"29":{"start":{"line":68,"column":2},"end":{"line":73,"column":null}},"30":{"start":{"line":69,"column":4},"end":{"line":69,"column":null}},"31":{"start":{"line":72,"column":4},"end":{"line":72,"column":null}},"32":{"start":{"line":75,"column":2},"end":{"line":77,"column":null}},"33":{"start":{"line":76,"column":4},"end":{"line":76,"column":null}},"34":{"start":{"line":80,"column":21},"end":{"line":80,"column":null}},"35":{"start":{"line":81,"column":8},"end":{"line":81,"column":null}},"36":{"start":{"line":82,"column":2},"end":{"line":82,"column":null}},"37":{"start":{"line":83,"column":2},"end":{"line":87,"column":null}},"38":{"start":{"line":84,"column":4},"end":{"line":86,"column":null}},"39":{"start":{"line":88,"column":2},"end":{"line":88,"column":null}},"40":{"start":{"line":89,"column":2},"end":{"line":89,"column":null}},"41":{"start":{"line":93,"column":2},"end":{"line":97,"column":null}},"42":{"start":{"line":94,"column":4},"end":{"line":96,"column":null}},"43":{"start":{"line":102,"column":8},"end":{"line":105,"column":null}},"44":{"start":{"line":106,"column":2},"end":{"line":108,"column":null}},"45":{"start":{"line":107,"column":4},"end":{"line":107,"column":null}}},"fnMap":{"0":{"name":"generateRoutine","decl":{"start":{"line":19,"column":16},"end":{"line":19,"column":32}},"loc":{"start":{"line":19,"column":66},"end":{"line":90,"column":null}},"line":19},"1":{"name":"(anonymous_1)","decl":{"start":{"line":47,"column":41},"end":{"line":47,"column":47}},"loc":{"start":{"line":47,"column":53},"end":{"line":47,"column":77}},"line":47},"2":{"name":"(anonymous_2)","decl":{"start":{"line":52,"column":32},"end":{"line":52,"column":38}},"loc":{"start":{"line":52,"column":44},"end":{"line":52,"column":74}},"line":52},"3":{"name":"addSharedAdvisories","decl":{"start":{"line":92,"column":9},"end":{"line":92,"column":29}},"loc":{"start":{"line":92,"column":77},"end":{"line":98,"column":null}},"line":92},"4":{"name":"assertSafe","decl":{"start":{"line":101,"column":9},"end":{"line":101,"column":20}},"loc":{"start":{"line":101,"column":68},"end":{"line":109,"column":null}},"line":101}},"branchMap":{"0":{"loc":{"start":{"line":24,"column":2},"end":{"line":29,"column":null}},"type":"if","locations":[{"start":{"line":24,"column":2},"end":{"line":29,"column":null}},{"start":{},"end":{}}],"line":24},"1":{"loc":{"start":{"line":35,"column":2},"end":{"line":41,"column":null}},"type":"if","locations":[{"start":{"line":35,"column":2},"end":{"line":41,"column":null}},{"start":{},"end":{}}],"line":35},"2":{"loc":{"start":{"line":36,"column":4},"end":{"line":37,"column":null}},"type":"binary-expr","locations":[{"start":{"line":36,"column":4},"end":{"line":36,"column":null}},{"start":{"line":36,"column":34},"end":{"line":37,"column":null}}],"line":36},"3":{"loc":{"start":{"line":45,"column":4},"end":{"line":45,"column":null}},"type":"if","locations":[{"start":{"line":45,"column":4},"end":{"line":45,"column":null}},{"start":{},"end":{}}],"line":45},"4":{"loc":{"start":{"line":48,"column":4},"end":{"line":51,"column":null}},"type":"if","locations":[{"start":{"line":48,"column":4},"end":{"line":51,"column":null}},{"start":{},"end":{}}],"line":48},"5":{"loc":{"start":{"line":53,"column":25},"end":{"line":53,"column":48}},"type":"binary-expr","locations":[{"start":{"line":53,"column":25},"end":{"line":53,"column":44}},{"start":{"line":53,"column":44},"end":{"line":53,"column":48}}],"line":53},"6":{"loc":{"start":{"line":55,"column":6},"end":{"line":55,"column":null}},"type":"if","locations":[{"start":{"line":55,"column":6},"end":{"line":55,"column":null}},{"start":{},"end":{}}],"line":55},"7":{"loc":{"start":{"line":68,"column":2},"end":{"line":73,"column":null}},"type":"if","locations":[{"start":{"line":68,"column":2},"end":{"line":73,"column":null}},{"start":{"line":70,"column":9},"end":{"line":73,"column":null}}],"line":68},"8":{"loc":{"start":{"line":75,"column":2},"end":{"line":77,"column":null}},"type":"if","locations":[{"start":{"line":75,"column":2},"end":{"line":77,"column":null}},{"start":{},"end":{}}],"line":75},"9":{"loc":{"start":{"line":83,"column":2},"end":{"line":87,"column":null}},"type":"if","locations":[{"start":{"line":83,"column":2},"end":{"line":87,"column":null}},{"start":{},"end":{}}],"line":83},"10":{"loc":{"start":{"line":93,"column":2},"end":{"line":97,"column":null}},"type":"if","locations":[{"start":{"line":93,"column":2},"end":{"line":97,"column":null}},{"start":{},"end":{}}],"line":93},"11":{"loc":{"start":{"line":106,"column":2},"end":{"line":108,"column":null}},"type":"if","locations":[{"start":{"line":106,"column":2},"end":{"line":108,"column":null}},{"start":{},"end":{}}],"line":106}},"s":{"0":25,"1":25,"2":25,"3":25,"4":2,"5":2,"6":2,"7":2,"8":23,"9":23,"10":23,"11":2,"12":2,"13":23,"14":13,"15":4,"16":9,"17":9,"18":4,"19":9,"20":5,"21":5,"22":4,"23":6,"24":4,"25":2,"26":2,"27":1,"28":23,"29":23,"30":4,"31":19,"32":23,"33":9,"34":14,"35":14,"36":14,"37":14,"38":1,"39":14,"40":14,"41":16,"42":2,"43":16,"44":16,"45":1},"f":{"0":25,"1":4,"2":6,"3":16,"4":16},"b":{"0":[2,23],"1":[2,21],"2":[23,3],"3":[4,9],"4":[5,4],"5":[4,1],"6":[1,1],"7":[4,19],"8":[9,14],"9":[1,13],"10":[2,14],"11":[1,15]},"meta":{"lastBranch":12,"lastFunction":5,"lastStatement":46,"seen":{"f:19:16:19:32":0,"s:20:8:20:Infinity":0,"s:21:43:21:Infinity":1,"s:22:35:22:Infinity":2,"b:24:2:29:Infinity:undefined:undefined:undefined:undefined":0,"s:24:2:29:Infinity":3,"s:25:10:25:Infinity":4,"s:26:4:26:Infinity":5,"s:27:4:27:Infinity":6,"s:28:4:28:Infinity":7,"s:31:29:31:Infinity":8,"s:34:21:34:Infinity":9,"b:35:2:41:Infinity:undefined:undefined:undefined:undefined":1,"s:35:2:41:Infinity":10,"b:36:4:36:Infinity:36:34:37:Infinity":2,"s:39:4:39:Infinity":11,"s:40:4:40:Infinity":12,"s:44:2:57:Infinity":13,"b:45:4:45:Infinity:undefined:undefined:undefined:undefined":3,"s:45:4:45:Infinity":14,"s:45:65:45:Infinity":15,"s:46:10:46:Infinity":16,"s:47:19:47:Infinity":17,"f:47:41:47:47":1,"s:47:53:47:77":18,"b:48:4:51:Infinity:undefined:undefined:undefined:undefined":4,"s:48:4:51:Infinity":19,"s:49:6:49:Infinity":20,"s:50:6:50:Infinity":21,"s:52:19:52:Infinity":22,"f:52:32:52:38":2,"s:52:44:52:74":23,"s:53:4:56:Infinity":24,"b:53:25:53:44:53:44:53:48":5,"s:54:6:54:Infinity":25,"b:55:6:55:Infinity:undefined:undefined:undefined:undefined":6,"s:55:6:55:Infinity":26,"s:55:47:55:Infinity":27,"s:59:8:66:Infinity":28,"b:68:2:73:Infinity:70:9:73:Infinity":7,"s:68:2:73:Infinity":29,"s:69:4:69:Infinity":30,"s:72:4:72:Infinity":31,"b:75:2:77:Infinity:undefined:undefined:undefined:undefined":8,"s:75:2:77:Infinity":32,"s:76:4:76:Infinity":33,"s:80:21:80:Infinity":34,"s:81:8:81:Infinity":35,"s:82:2:82:Infinity":36,"b:83:2:87:Infinity:undefined:undefined:undefined:undefined":9,"s:83:2:87:Infinity":37,"s:84:4:86:Infinity":38,"s:88:2:88:Infinity":39,"s:89:2:89:Infinity":40,"f:92:9:92:29":3,"b:93:2:97:Infinity:undefined:undefined:undefined:undefined":10,"s:93:2:97:Infinity":41,"s:94:4:96:Infinity":42,"f:101:9:101:20":4,"s:102:8:105:Infinity":43,"b:106:2:108:Infinity:undefined:undefined:undefined:undefined":11,"s:106:2:108:Infinity":44,"s:107:4:107:Infinity":45},"fnNames":{}}}
,"/Users/calvin/Documents/Claude/Skincare app/routine/src/engine/nightType.ts": {"path":"/Users/calvin/Documents/Claude/Skincare app/routine/src/engine/nightType.ts","statementMap":{"0":{"start":{"line":39,"column":2},"end":{"line":39,"column":null}},"1":{"start":{"line":43,"column":17},"end":{"line":43,"column":null}},"2":{"start":{"line":43,"column":49},"end":{"line":43,"column":77}},"3":{"start":{"line":44,"column":2},"end":{"line":47,"column":null}},"4":{"start":{"line":45,"column":19},"end":{"line":45,"column":null}},"5":{"start":{"line":45,"column":48},"end":{"line":45,"column":78}},"6":{"start":{"line":46,"column":4},"end":{"line":46,"column":null}},"7":{"start":{"line":46,"column":16},"end":{"line":46,"column":null}},"8":{"start":{"line":48,"column":2},"end":{"line":48,"column":null}},"9":{"start":{"line":52,"column":47},"end":{"line":52,"column":null}},"10":{"start":{"line":53,"column":15},"end":{"line":53,"column":null}},"11":{"start":{"line":54,"column":20},"end":{"line":54,"column":null}},"12":{"start":{"line":55,"column":8},"end":{"line":55,"column":null}},"13":{"start":{"line":58,"column":2},"end":{"line":58,"column":null}},"14":{"start":{"line":58,"column":24},"end":{"line":58,"column":null}},"15":{"start":{"line":61,"column":8},"end":{"line":61,"column":null}},"16":{"start":{"line":63,"column":4},"end":{"line":67,"column":null}},"17":{"start":{"line":68,"column":2},"end":{"line":93,"column":null}},"18":{"start":{"line":69,"column":4},"end":{"line":91,"column":null}},"19":{"start":{"line":70,"column":6},"end":{"line":90,"column":null}},"20":{"start":{"line":92,"column":4},"end":{"line":92,"column":null}},"21":{"start":{"line":97,"column":8},"end":{"line":97,"column":null}},"22":{"start":{"line":98,"column":8},"end":{"line":98,"column":null}},"23":{"start":{"line":99,"column":2},"end":{"line":125,"column":null}},"24":{"start":{"line":100,"column":28},"end":{"line":100,"column":null}},"25":{"start":{"line":101,"column":4},"end":{"line":123,"column":null}},"26":{"start":{"line":102,"column":6},"end":{"line":122,"column":null}},"27":{"start":{"line":124,"column":4},"end":{"line":124,"column":null}},"28":{"start":{"line":128,"column":2},"end":{"line":128,"column":null}},"29":{"start":{"line":128,"column":17},"end":{"line":128,"column":null}},"30":{"start":{"line":130,"column":20},"end":{"line":130,"column":null}},"31":{"start":{"line":131,"column":19},"end":{"line":131,"column":null}},"32":{"start":{"line":135,"column":8},"end":{"line":135,"column":null}},"33":{"start":{"line":136,"column":23},"end":{"line":136,"column":null}},"34":{"start":{"line":137,"column":2},"end":{"line":162,"column":null}},"35":{"start":{"line":138,"column":4},"end":{"line":160,"column":null}},"36":{"start":{"line":139,"column":6},"end":{"line":159,"column":null}},"37":{"start":{"line":161,"column":4},"end":{"line":161,"column":null}},"38":{"start":{"line":165,"column":2},"end":{"line":187,"column":null}},"39":{"start":{"line":166,"column":4},"end":{"line":186,"column":null}},"40":{"start":{"line":190,"column":2},"end":{"line":190,"column":null}},"41":{"start":{"line":190,"column":16},"end":{"line":190,"column":null}},"42":{"start":{"line":193,"column":2},"end":{"line":193,"column":null}}},"fnMap":{"0":{"name":"night","decl":{"start":{"line":38,"column":9},"end":{"line":38,"column":15}},"loc":{"start":{"line":38,"column":85},"end":{"line":40,"column":null}},"line":38},"1":{"name":"resolveOrEmit","decl":{"start":{"line":42,"column":9},"end":{"line":42,"column":23}},"loc":{"start":{"line":42,"column":90},"end":{"line":49,"column":null}},"line":42},"2":{"name":"(anonymous_2)","decl":{"start":{"line":43,"column":37},"end":{"line":43,"column":43}},"loc":{"start":{"line":43,"column":49},"end":{"line":43,"column":77}},"line":43},"3":{"name":"(anonymous_3)","decl":{"start":{"line":45,"column":36},"end":{"line":45,"column":42}},"loc":{"start":{"line":45,"column":48},"end":{"line":45,"column":78}},"line":45},"4":{"name":"selectNightType","decl":{"start":{"line":51,"column":16},"end":{"line":51,"column":32}},"loc":{"start":{"line":51,"column":76},"end":{"line":194,"column":null}},"line":51}},"branchMap":{"0":{"loc":{"start":{"line":38,"column":37},"end":{"line":38,"column":85}},"type":"default-arg","locations":[{"start":{"line":38,"column":65},"end":{"line":38,"column":85}}],"line":38},"1":{"loc":{"start":{"line":44,"column":2},"end":{"line":47,"column":null}},"type":"if","locations":[{"start":{"line":44,"column":2},"end":{"line":47,"column":null}},{"start":{},"end":{}}],"line":44},"2":{"loc":{"start":{"line":46,"column":4},"end":{"line":46,"column":null}},"type":"if","locations":[{"start":{"line":46,"column":4},"end":{"line":46,"column":null}},{"start":{},"end":{}}],"line":46},"3":{"loc":{"start":{"line":58,"column":2},"end":{"line":58,"column":null}},"type":"if","locations":[{"start":{"line":58,"column":2},"end":{"line":58,"column":null}},{"start":{},"end":{}}],"line":58},"4":{"loc":{"start":{"line":63,"column":4},"end":{"line":67,"column":null}},"type":"cond-expr","locations":[{"start":{"line":64,"column":8},"end":{"line":64,"column":null}},{"start":{"line":65,"column":8},"end":{"line":67,"column":null}}],"line":63},"5":{"loc":{"start":{"line":65,"column":8},"end":{"line":67,"column":null}},"type":"cond-expr","locations":[{"start":{"line":66,"column":10},"end":{"line":66,"column":null}},{"start":{"line":67,"column":10},"end":{"line":67,"column":null}}],"line":65},"6":{"loc":{"start":{"line":68,"column":2},"end":{"line":93,"column":null}},"type":"if","locations":[{"start":{"line":68,"column":2},"end":{"line":93,"column":null}},{"start":{},"end":{}}],"line":68},"7":{"loc":{"start":{"line":69,"column":4},"end":{"line":91,"column":null}},"type":"if","locations":[{"start":{"line":69,"column":4},"end":{"line":91,"column":null}},{"start":{},"end":{}}],"line":69},"8":{"loc":{"start":{"line":69,"column":8},"end":{"line":69,"column":53}},"type":"binary-expr","locations":[{"start":{"line":69,"column":8},"end":{"line":69,"column":21}},{"start":{"line":69,"column":21},"end":{"line":69,"column":53}}],"line":69},"9":{"loc":{"start":{"line":72,"column":47},"end":{"line":72,"column":88}},"type":"cond-expr","locations":[{"start":{"line":72,"column":65},"end":{"line":72,"column":74}},{"start":{"line":72,"column":74},"end":{"line":72,"column":88}}],"line":72},"10":{"loc":{"start":{"line":99,"column":2},"end":{"line":125,"column":null}},"type":"if","locations":[{"start":{"line":99,"column":2},"end":{"line":125,"column":null}},{"start":{},"end":{}}],"line":99},"11":{"loc":{"start":{"line":99,"column":6},"end":{"line":99,"column":31}},"type":"binary-expr","locations":[{"start":{"line":99,"column":6},"end":{"line":99,"column":22}},{"start":{"line":99,"column":22},"end":{"line":99,"column":31}}],"line":99},"12":{"loc":{"start":{"line":100,"column":28},"end":{"line":100,"column":null}},"type":"binary-expr","locations":[{"start":{"line":100,"column":28},"end":{"line":100,"column":41}},{"start":{"line":100,"column":41},"end":{"line":100,"column":null}}],"line":100},"13":{"loc":{"start":{"line":101,"column":4},"end":{"line":123,"column":null}},"type":"if","locations":[{"start":{"line":101,"column":4},"end":{"line":123,"column":null}},{"start":{},"end":{}}],"line":101},"14":{"loc":{"start":{"line":128,"column":2},"end":{"line":128,"column":null}},"type":"if","locations":[{"start":{"line":128,"column":2},"end":{"line":128,"column":null}},{"start":{},"end":{}}],"line":128},"15":{"loc":{"start":{"line":136,"column":23},"end":{"line":136,"column":null}},"type":"binary-expr","locations":[{"start":{"line":136,"column":23},"end":{"line":136,"column":34}},{"start":{"line":136,"column":34},"end":{"line":136,"column":null}}],"line":136},"16":{"loc":{"start":{"line":137,"column":2},"end":{"line":162,"column":null}},"type":"if","locations":[{"start":{"line":137,"column":2},"end":{"line":162,"column":null}},{"start":{},"end":{}}],"line":137},"17":{"loc":{"start":{"line":137,"column":6},"end":{"line":137,"column":33}},"type":"binary-expr","locations":[{"start":{"line":137,"column":6},"end":{"line":137,"column":19}},{"start":{"line":137,"column":19},"end":{"line":137,"column":33}}],"line":137},"18":{"loc":{"start":{"line":138,"column":4},"end":{"line":160,"column":null}},"type":"if","locations":[{"start":{"line":138,"column":4},"end":{"line":160,"column":null}},{"start":{},"end":{}}],"line":138},"19":{"loc":{"start":{"line":165,"column":2},"end":{"line":187,"column":null}},"type":"if","locations":[{"start":{"line":165,"column":2},"end":{"line":187,"column":null}},{"start":{},"end":{}}],"line":165},"20":{"loc":{"start":{"line":165,"column":6},"end":{"line":165,"column":46}},"type":"binary-expr","locations":[{"start":{"line":165,"column":6},"end":{"line":165,"column":19}},{"start":{"line":165,"column":19},"end":{"line":165,"column":36}},{"start":{"line":165,"column":36},"end":{"line":165,"column":46}}],"line":165},"21":{"loc":{"start":{"line":190,"column":2},"end":{"line":190,"column":null}},"type":"if","locations":[{"start":{"line":190,"column":2},"end":{"line":190,"column":null}},{"start":{},"end":{}}],"line":190}},"s":{"0":30,"1":17,"2":3,"3":17,"4":3,"5":5,"6":3,"7":2,"8":15,"9":45,"10":45,"11":45,"12":45,"13":45,"14":3,"15":42,"16":42,"17":45,"18":12,"19":10,"20":2,"21":30,"22":30,"23":30,"24":5,"25":5,"26":2,"27":3,"28":25,"29":1,"30":24,"31":24,"32":24,"33":24,"34":45,"35":14,"36":3,"37":11,"38":10,"39":2,"40":8,"41":1,"42":7},"f":{"0":30,"1":17,"2":3,"3":5,"4":45},"b":{"0":[30],"1":[3,14],"2":[2,1],"3":[3,42],"4":[2,40],"5":[10,30],"6":[12,33],"7":[10,2],"8":[12,3],"9":[1,9],"10":[5,25],"11":[30,6],"12":[5,4],"13":[2,3],"14":[1,24],"15":[24,23],"16":[14,31],"17":[45,17],"18":[3,11],"19":[2,8],"20":[10,3,3],"21":[1,7]},"meta":{"lastBranch":22,"lastFunction":5,"lastStatement":43,"seen":{"f:38:9:38:15":0,"b:38:65:38:85":0,"s:39:2:39:Infinity":0,"f:42:9:42:23":1,"s:43:17:43:Infinity":1,"f:43:37:43:43":2,"s:43:49:43:77":2,"b:44:2:47:Infinity:undefined:undefined:undefined:undefined":1,"s:44:2:47:Infinity":3,"s:45:19:45:Infinity":4,"f:45:36:45:42":3,"s:45:48:45:78":5,"b:46:4:46:Infinity:undefined:undefined:undefined:undefined":2,"s:46:4:46:Infinity":6,"s:46:16:46:Infinity":7,"s:48:2:48:Infinity":8,"f:51:16:51:32":4,"s:52:47:52:Infinity":9,"s:53:15:53:Infinity":10,"s:54:20:54:Infinity":11,"s:55:8:55:Infinity":12,"b:58:2:58:Infinity:undefined:undefined:undefined:undefined":3,"s:58:2:58:Infinity":13,"s:58:24:58:Infinity":14,"s:61:8:61:Infinity":15,"s:63:4:67:Infinity":16,"b:64:8:64:Infinity:65:8:67:Infinity":4,"b:66:10:66:Infinity:67:10:67:Infinity":5,"b:68:2:93:Infinity:undefined:undefined:undefined:undefined":6,"s:68:2:93:Infinity":17,"b:69:4:91:Infinity:undefined:undefined:undefined:undefined":7,"s:69:4:91:Infinity":18,"b:69:8:69:21:69:21:69:53":8,"s:70:6:90:Infinity":19,"b:72:65:72:74:72:74:72:88":9,"s:92:4:92:Infinity":20,"s:97:8:97:Infinity":21,"s:98:8:98:Infinity":22,"b:99:2:125:Infinity:undefined:undefined:undefined:undefined":10,"s:99:2:125:Infinity":23,"b:99:6:99:22:99:22:99:31":11,"s:100:28:100:Infinity":24,"b:100:28:100:41:100:41:100:Infinity":12,"b:101:4:123:Infinity:undefined:undefined:undefined:undefined":13,"s:101:4:123:Infinity":25,"s:102:6:122:Infinity":26,"s:124:4:124:Infinity":27,"b:128:2:128:Infinity:undefined:undefined:undefined:undefined":14,"s:128:2:128:Infinity":28,"s:128:17:128:Infinity":29,"s:130:20:130:Infinity":30,"s:131:19:131:Infinity":31,"s:135:8:135:Infinity":32,"s:136:23:136:Infinity":33,"b:136:23:136:34:136:34:136:Infinity":15,"b:137:2:162:Infinity:undefined:undefined:undefined:undefined":16,"s:137:2:162:Infinity":34,"b:137:6:137:19:137:19:137:33":17,"b:138:4:160:Infinity:undefined:undefined:undefined:undefined":18,"s:138:4:160:Infinity":35,"s:139:6:159:Infinity":36,"s:161:4:161:Infinity":37,"b:165:2:187:Infinity:undefined:undefined:undefined:undefined":19,"s:165:2:187:Infinity":38,"b:165:6:165:19:165:19:165:36:165:36:165:46":20,"s:166:4:186:Infinity":39,"b:190:2:190:Infinity:undefined:undefined:undefined:undefined":21,"s:190:2:190:Infinity":40,"s:190:16:190:Infinity":41,"s:193:2:193:Infinity":42},"fnNames":{}}}
,"/Users/calvin/Documents/Claude/Skincare app/routine/src/engine/quotas.ts": {"path":"/Users/calvin/Documents/Claude/Skincare app/routine/src/engine/quotas.ts","statementMap":{"0":{"start":{"line":12,"column":26},"end":{"line":12,"column":null}},"1":{"start":{"line":18,"column":30},"end":{"line":18,"column":null}},"2":{"start":{"line":19,"column":2},"end":{"line":26,"column":null}},"3":{"start":{"line":20,"column":4},"end":{"line":20,"column":null}},"4":{"start":{"line":20,"column":61},"end":{"line":20,"column":null}},"5":{"start":{"line":21,"column":4},"end":{"line":21,"column":null}},"6":{"start":{"line":21,"column":44},"end":{"line":21,"column":null}},"7":{"start":{"line":22,"column":17},"end":{"line":22,"column":null}},"8":{"start":{"line":23,"column":4},"end":{"line":25,"column":null}},"9":{"start":{"line":24,"column":6},"end":{"line":24,"column":null}},"10":{"start":{"line":27,"column":2},"end":{"line":27,"column":null}},"11":{"start":{"line":32,"column":29},"end":{"line":32,"column":null}},"12":{"start":{"line":33,"column":2},"end":{"line":36,"column":null}},"13":{"start":{"line":34,"column":4},"end":{"line":34,"column":null}},"14":{"start":{"line":34,"column":66},"end":{"line":34,"column":null}},"15":{"start":{"line":35,"column":4},"end":{"line":35,"column":null}},"16":{"start":{"line":35,"column":46},"end":{"line":35,"column":null}},"17":{"start":{"line":37,"column":2},"end":{"line":37,"column":null}},"18":{"start":{"line":45,"column":2},"end":{"line":47,"column":null}},"19":{"start":{"line":46,"column":19},"end":{"line":46,"column":92}},"20":{"start":{"line":47,"column":16},"end":{"line":47,"column":22}}},"fnMap":{"0":{"name":"quotaCounts","decl":{"start":{"line":17,"column":16},"end":{"line":17,"column":28}},"loc":{"start":{"line":17,"column":77},"end":{"line":28,"column":null}},"line":17},"1":{"name":"lastDateOfNightType","decl":{"start":{"line":31,"column":16},"end":{"line":31,"column":36}},"loc":{"start":{"line":31,"column":94},"end":{"line":38,"column":null}},"line":31},"2":{"name":"exfoliantRetinoidDates","decl":{"start":{"line":44,"column":16},"end":{"line":44,"column":39}},"loc":{"start":{"line":44,"column":70},"end":{"line":48,"column":null}},"line":44},"3":{"name":"(anonymous_3)","decl":{"start":{"line":46,"column":5},"end":{"line":46,"column":13}},"loc":{"start":{"line":46,"column":19},"end":{"line":46,"column":92}},"line":46},"4":{"name":"(anonymous_4)","decl":{"start":{"line":47,"column":5},"end":{"line":47,"column":10}},"loc":{"start":{"line":47,"column":16},"end":{"line":47,"column":22}},"line":47}},"branchMap":{"0":{"loc":{"start":{"line":20,"column":4},"end":{"line":20,"column":null}},"type":"if","locations":[{"start":{"line":20,"column":4},"end":{"line":20,"column":null}},{"start":{},"end":{}}],"line":20},"1":{"loc":{"start":{"line":20,"column":8},"end":{"line":20,"column":61}},"type":"binary-expr","locations":[{"start":{"line":20,"column":8},"end":{"line":20,"column":33}},{"start":{"line":20,"column":33},"end":{"line":20,"column":61}}],"line":20},"2":{"loc":{"start":{"line":21,"column":4},"end":{"line":21,"column":null}},"type":"if","locations":[{"start":{"line":21,"column":4},"end":{"line":21,"column":null}},{"start":{},"end":{}}],"line":21},"3":{"loc":{"start":{"line":23,"column":4},"end":{"line":25,"column":null}},"type":"if","locations":[{"start":{"line":23,"column":4},"end":{"line":25,"column":null}},{"start":{},"end":{}}],"line":23},"4":{"loc":{"start":{"line":34,"column":4},"end":{"line":34,"column":null}},"type":"if","locations":[{"start":{"line":34,"column":4},"end":{"line":34,"column":null}},{"start":{},"end":{}}],"line":34},"5":{"loc":{"start":{"line":34,"column":8},"end":{"line":34,"column":66}},"type":"binary-expr","locations":[{"start":{"line":34,"column":8},"end":{"line":34,"column":33}},{"start":{"line":34,"column":33},"end":{"line":34,"column":66}}],"line":34},"6":{"loc":{"start":{"line":35,"column":4},"end":{"line":35,"column":null}},"type":"if","locations":[{"start":{"line":35,"column":4},"end":{"line":35,"column":null}},{"start":{},"end":{}}],"line":35},"7":{"loc":{"start":{"line":35,"column":8},"end":{"line":35,"column":46}},"type":"binary-expr","locations":[{"start":{"line":35,"column":8},"end":{"line":35,"column":25}},{"start":{"line":35,"column":25},"end":{"line":35,"column":46}}],"line":35},"8":{"loc":{"start":{"line":46,"column":19},"end":{"line":46,"column":92}},"type":"binary-expr","locations":[{"start":{"line":46,"column":19},"end":{"line":46,"column":39}},{"start":{"line":46,"column":39},"end":{"line":46,"column":64}},{"start":{"line":46,"column":64},"end":{"line":46,"column":92}}],"line":46}},"s":{"0":7,"1":140,"2":140,"3":351,"4":8,"5":343,"6":7,"7":336,"8":336,"9":255,"10":140,"11":4,"12":4,"13":7,"14":3,"15":4,"16":3,"17":4,"18":58,"19":226,"20":91},"f":{"0":140,"1":4,"2":58,"3":226,"4":91},"b":{"0":[8,343],"1":[351,343],"2":[7,336],"3":[255,81],"4":[3,4],"5":[7,6],"6":[3,1],"7":[4,2],"8":[226,226,165]},"meta":{"lastBranch":9,"lastFunction":5,"lastStatement":21,"seen":{"s:12:26:12:Infinity":0,"f:17:16:17:28":0,"s:18:30:18:Infinity":1,"s:19:2:26:Infinity":2,"b:20:4:20:Infinity:undefined:undefined:undefined:undefined":0,"s:20:4:20:Infinity":3,"b:20:8:20:33:20:33:20:61":1,"s:20:61:20:Infinity":4,"b:21:4:21:Infinity:undefined:undefined:undefined:undefined":2,"s:21:4:21:Infinity":5,"s:21:44:21:Infinity":6,"s:22:17:22:Infinity":7,"b:23:4:25:Infinity:undefined:undefined:undefined:undefined":3,"s:23:4:25:Infinity":8,"s:24:6:24:Infinity":9,"s:27:2:27:Infinity":10,"f:31:16:31:36":1,"s:32:29:32:Infinity":11,"s:33:2:36:Infinity":12,"b:34:4:34:Infinity:undefined:undefined:undefined:undefined":4,"s:34:4:34:Infinity":13,"b:34:8:34:33:34:33:34:66":5,"s:34:66:34:Infinity":14,"b:35:4:35:Infinity:undefined:undefined:undefined:undefined":6,"s:35:4:35:Infinity":15,"b:35:8:35:25:35:25:35:46":7,"s:35:46:35:Infinity":16,"s:37:2:37:Infinity":17,"f:44:16:44:39":2,"s:45:2:47:Infinity":18,"f:46:5:46:13":3,"s:46:19:46:92":19,"b:46:19:46:39:46:39:46:64:46:64:46:92":8,"f:47:5:47:10":4,"s:47:16:47:22":20},"fnNames":{}}}
,"/Users/calvin/Documents/Claude/Skincare app/routine/src/engine/safety.ts": {"path":"/Users/calvin/Documents/Claude/Skincare app/routine/src/engine/safety.ts","statementMap":{"0":{"start":{"line":19,"column":36},"end":{"line":19,"column":null}},"1":{"start":{"line":20,"column":36},"end":{"line":20,"column":null}},"2":{"start":{"line":23,"column":38},"end":{"line":23,"column":null}},"3":{"start":{"line":26,"column":45},"end":{"line":26,"column":null}},"4":{"start":{"line":33,"column":8},"end":{"line":33,"column":null}},"5":{"start":{"line":34,"column":2},"end":{"line":34,"column":null}},"6":{"start":{"line":39,"column":16},"end":{"line":41,"column":null}},"7":{"start":{"line":40,"column":19},"end":{"line":40,"column":62}},"8":{"start":{"line":41,"column":16},"end":{"line":41,"column":22}},"9":{"start":{"line":42,"column":2},"end":{"line":42,"column":null}},"10":{"start":{"line":47,"column":2},"end":{"line":47,"column":null}},"11":{"start":{"line":52,"column":2},"end":{"line":52,"column":null}},"12":{"start":{"line":57,"column":2},"end":{"line":57,"column":null}},"13":{"start":{"line":62,"column":2},"end":{"line":62,"column":null}},"14":{"start":{"line":66,"column":18},"end":{"line":66,"column":null}},"15":{"start":{"line":66,"column":39},"end":{"line":66,"column":62}},"16":{"start":{"line":67,"column":2},"end":{"line":67,"column":null}},"17":{"start":{"line":92,"column":31},"end":{"line":92,"column":null}},"18":{"start":{"line":93,"column":14},"end":{"line":93,"column":null}},"19":{"start":{"line":93,"column":31},"end":{"line":93,"column":42}},"20":{"start":{"line":94,"column":8},"end":{"line":94,"column":null}},"21":{"start":{"line":94,"column":30},"end":{"line":94,"column":null}},"22":{"start":{"line":95,"column":8},"end":{"line":95,"column":null}},"23":{"start":{"line":95,"column":38},"end":{"line":95,"column":null}},"24":{"start":{"line":95,"column":56},"end":{"line":95,"column":89}},"25":{"start":{"line":97,"column":2},"end":{"line":122,"column":null}},"26":{"start":{"line":99,"column":4},"end":{"line":101,"column":null}},"27":{"start":{"line":100,"column":6},"end":{"line":100,"column":null}},"28":{"start":{"line":102,"column":27},"end":{"line":102,"column":null}},"29":{"start":{"line":102,"column":47},"end":{"line":102,"column":93}},"30":{"start":{"line":103,"column":4},"end":{"line":105,"column":null}},"31":{"start":{"line":104,"column":6},"end":{"line":104,"column":null}},"32":{"start":{"line":109,"column":27},"end":{"line":112,"column":null}},"33":{"start":{"line":110,"column":19},"end":{"line":110,"column":null}},"34":{"start":{"line":111,"column":6},"end":{"line":111,"column":null}},"35":{"start":{"line":114,"column":6},"end":{"line":118,"column":null}},"36":{"start":{"line":119,"column":4},"end":{"line":121,"column":null}},"37":{"start":{"line":120,"column":6},"end":{"line":120,"column":null}},"38":{"start":{"line":125,"column":49},"end":{"line":132,"column":null}},"39":{"start":{"line":133,"column":2},"end":{"line":135,"column":null}},"40":{"start":{"line":134,"column":4},"end":{"line":134,"column":null}},"41":{"start":{"line":134,"column":40},"end":{"line":134,"column":null}},"42":{"start":{"line":139,"column":2},"end":{"line":153,"column":null}},"43":{"start":{"line":140,"column":4},"end":{"line":140,"column":null}},"44":{"start":{"line":140,"column":30},"end":{"line":140,"column":null}},"45":{"start":{"line":141,"column":26},"end":{"line":145,"column":null}},"46":{"start":{"line":142,"column":19},"end":{"line":142,"column":null}},"47":{"start":{"line":143,"column":6},"end":{"line":143,"column":null}},"48":{"start":{"line":143,"column":34},"end":{"line":143,"column":null}},"49":{"start":{"line":144,"column":6},"end":{"line":144,"column":null}},"50":{"start":{"line":147,"column":6},"end":{"line":149,"column":null}},"51":{"start":{"line":149,"column":33},"end":{"line":149,"column":73}},"52":{"start":{"line":150,"column":4},"end":{"line":152,"column":null}},"53":{"start":{"line":151,"column":6},"end":{"line":151,"column":null}},"54":{"start":{"line":158,"column":28},"end":{"line":162,"column":null}},"55":{"start":{"line":159,"column":4},"end":{"line":159,"column":null}},"56":{"start":{"line":159,"column":54},"end":{"line":159,"column":null}},"57":{"start":{"line":160,"column":20},"end":{"line":160,"column":null}},"58":{"start":{"line":160,"column":41},"end":{"line":160,"column":61}},"59":{"start":{"line":161,"column":4},"end":{"line":161,"column":null}},"60":{"start":{"line":163,"column":2},"end":{"line":174,"column":null}},"61":{"start":{"line":164,"column":4},"end":{"line":164,"column":null}},"62":{"start":{"line":164,"column":31},"end":{"line":164,"column":null}},"63":{"start":{"line":165,"column":4},"end":{"line":170,"column":null}},"64":{"start":{"line":166,"column":6},"end":{"line":168,"column":null}},"65":{"start":{"line":167,"column":8},"end":{"line":167,"column":null}},"66":{"start":{"line":169,"column":6},"end":{"line":169,"column":null}},"67":{"start":{"line":171,"column":4},"end":{"line":173,"column":null}},"68":{"start":{"line":172,"column":6},"end":{"line":172,"column":null}},"69":{"start":{"line":178,"column":20},"end":{"line":178,"column":null}},"70":{"start":{"line":179,"column":2},"end":{"line":191,"column":null}},"71":{"start":{"line":180,"column":22},"end":{"line":180,"column":null}},"72":{"start":{"line":181,"column":4},"end":{"line":183,"column":null}},"73":{"start":{"line":181,"column":30},"end":{"line":181,"column":66}},"74":{"start":{"line":182,"column":6},"end":{"line":182,"column":null}},"75":{"start":{"line":184,"column":29},"end":{"line":187,"column":null}},"76":{"start":{"line":185,"column":22},"end":{"line":185,"column":null}},"77":{"start":{"line":185,"column":43},"end":{"line":185,"column":63}},"78":{"start":{"line":186,"column":6},"end":{"line":186,"column":null}},"79":{"start":{"line":188,"column":4},"end":{"line":190,"column":null}},"80":{"start":{"line":189,"column":6},"end":{"line":189,"column":null}},"81":{"start":{"line":193,"column":2},"end":{"line":193,"column":null}}},"fnMap":{"0":{"name":"wouldExceedConsecutiveActiveCap","decl":{"start":{"line":32,"column":16},"end":{"line":32,"column":48}},"loc":{"start":{"line":32,"column":93},"end":{"line":35,"column":null}},"line":32},"1":{"name":"benzacConsecutiveNights","decl":{"start":{"line":38,"column":16},"end":{"line":38,"column":40}},"loc":{"start":{"line":38,"column":84},"end":{"line":43,"column":null}},"line":38},"2":{"name":"(anonymous_2)","decl":{"start":{"line":40,"column":5},"end":{"line":40,"column":13}},"loc":{"start":{"line":40,"column":19},"end":{"line":40,"column":62}},"line":40},"3":{"name":"(anonymous_3)","decl":{"start":{"line":41,"column":5},"end":{"line":41,"column":10}},"loc":{"start":{"line":41,"column":16},"end":{"line":41,"column":22}},"line":41},"4":{"name":"includeShirojyunOnNight","decl":{"start":{"line":46,"column":16},"end":{"line":46,"column":40}},"loc":{"start":{"line":46,"column":71},"end":{"line":48,"column":null}},"line":46},"5":{"name":"includeTuner","decl":{"start":{"line":51,"column":16},"end":{"line":51,"column":29}},"loc":{"start":{"line":51,"column":63},"end":{"line":53,"column":null}},"line":51},"6":{"name":"needsDoubleCleanse","decl":{"start":{"line":56,"column":16},"end":{"line":56,"column":35}},"loc":{"start":{"line":56,"column":95},"end":{"line":58,"column":null}},"line":56},"7":{"name":"isAdapaleneIsolatedPhase","decl":{"start":{"line":61,"column":16},"end":{"line":61,"column":41}},"loc":{"start":{"line":61,"column":73},"end":{"line":63,"column":null}},"line":61},"8":{"name":"tagsOf","decl":{"start":{"line":65,"column":9},"end":{"line":65,"column":16}},"loc":{"start":{"line":65,"column":66},"end":{"line":68,"column":null}},"line":65},"9":{"name":"(anonymous_9)","decl":{"start":{"line":66,"column":27},"end":{"line":66,"column":33}},"loc":{"start":{"line":66,"column":39},"end":{"line":66,"column":62}},"line":66},"10":{"name":"validateRoutineSafety","decl":{"start":{"line":86,"column":16},"end":{"line":86,"column":null}},"loc":{"start":{"line":91,"column":12},"end":{"line":194,"column":null}},"line":91},"11":{"name":"(anonymous_11)","decl":{"start":{"line":93,"column":20},"end":{"line":93,"column":25}},"loc":{"start":{"line":93,"column":31},"end":{"line":93,"column":42}},"line":93},"12":{"name":"(anonymous_12)","decl":{"start":{"line":94,"column":8},"end":{"line":94,"column":15}},"loc":{"start":{"line":94,"column":30},"end":{"line":94,"column":null}},"line":94},"13":{"name":"(anonymous_13)","decl":{"start":{"line":95,"column":8},"end":{"line":95,"column":22}},"loc":{"start":{"line":95,"column":38},"end":{"line":95,"column":null}},"line":95},"14":{"name":"(anonymous_14)","decl":{"start":{"line":95,"column":44},"end":{"line":95,"column":50}},"loc":{"start":{"line":95,"column":56},"end":{"line":95,"column":89}},"line":95},"15":{"name":"(anonymous_15)","decl":{"start":{"line":102,"column":33},"end":{"line":102,"column":41}},"loc":{"start":{"line":102,"column":47},"end":{"line":102,"column":93}},"line":102},"16":{"name":"(anonymous_16)","decl":{"start":{"line":109,"column":33},"end":{"line":109,"column":41}},"loc":{"start":{"line":109,"column":47},"end":{"line":112,"column":5}},"line":109},"17":{"name":"(anonymous_17)","decl":{"start":{"line":141,"column":32},"end":{"line":141,"column":40}},"loc":{"start":{"line":141,"column":46},"end":{"line":145,"column":5}},"line":141},"18":{"name":"(anonymous_18)","decl":{"start":{"line":149,"column":20},"end":{"line":149,"column":27}},"loc":{"start":{"line":149,"column":33},"end":{"line":149,"column":73}},"line":149},"19":{"name":"(anonymous_19)","decl":{"start":{"line":158,"column":34},"end":{"line":158,"column":45}},"loc":{"start":{"line":158,"column":51},"end":{"line":162,"column":3}},"line":158},"20":{"name":"(anonymous_20)","decl":{"start":{"line":160,"column":29},"end":{"line":160,"column":35}},"loc":{"start":{"line":160,"column":41},"end":{"line":160,"column":61}},"line":160},"21":{"name":"(anonymous_21)","decl":{"start":{"line":163,"column":8},"end":{"line":163,"column":17}},"loc":{"start":{"line":163,"column":29},"end":{"line":174,"column":3}},"line":163},"22":{"name":"(anonymous_22)","decl":{"start":{"line":181,"column":18},"end":{"line":181,"column":24}},"loc":{"start":{"line":181,"column":30},"end":{"line":181,"column":66}},"line":181},"23":{"name":"(anonymous_23)","decl":{"start":{"line":184,"column":35},"end":{"line":184,"column":46}},"loc":{"start":{"line":184,"column":52},"end":{"line":187,"column":5}},"line":184},"24":{"name":"(anonymous_24)","decl":{"start":{"line":185,"column":31},"end":{"line":185,"column":37}},"loc":{"start":{"line":185,"column":43},"end":{"line":185,"column":63}},"line":185}},"branchMap":{"0":{"loc":{"start":{"line":40,"column":19},"end":{"line":40,"column":62}},"type":"binary-expr","locations":[{"start":{"line":40,"column":19},"end":{"line":40,"column":38}},{"start":{"line":40,"column":38},"end":{"line":40,"column":62}}],"line":40},"1":{"loc":{"start":{"line":57,"column":9},"end":{"line":57,"column":null}},"type":"binary-expr","locations":[{"start":{"line":57,"column":9},"end":{"line":57,"column":21}},{"start":{"line":57,"column":21},"end":{"line":57,"column":32}},{"start":{"line":57,"column":32},"end":{"line":57,"column":null}}],"line":57},"2":{"loc":{"start":{"line":67,"column":9},"end":{"line":67,"column":null}},"type":"cond-expr","locations":[{"start":{"line":67,"column":19},"end":{"line":67,"column":40}},{"start":{"line":67,"column":40},"end":{"line":67,"column":null}}],"line":67},"3":{"loc":{"start":{"line":90,"column":2},"end":{"line":90,"column":null}},"type":"default-arg","locations":[{"start":{"line":90,"column":27},"end":{"line":90,"column":null}}],"line":90},"4":{"loc":{"start":{"line":97,"column":2},"end":{"line":122,"column":null}},"type":"if","locations":[{"start":{"line":97,"column":2},"end":{"line":122,"column":null}},{"start":{},"end":{}}],"line":97},"5":{"loc":{"start":{"line":99,"column":4},"end":{"line":101,"column":null}},"type":"if","locations":[{"start":{"line":99,"column":4},"end":{"line":101,"column":null}},{"start":{},"end":{}}],"line":99},"6":{"loc":{"start":{"line":103,"column":4},"end":{"line":105,"column":null}},"type":"if","locations":[{"start":{"line":103,"column":4},"end":{"line":105,"column":null}},{"start":{},"end":{}}],"line":103},"7":{"loc":{"start":{"line":111,"column":13},"end":{"line":111,"column":null}},"type":"binary-expr","locations":[{"start":{"line":111,"column":13},"end":{"line":111,"column":37}},{"start":{"line":111,"column":37},"end":{"line":111,"column":66}},{"start":{"line":111,"column":66},"end":{"line":111,"column":null}}],"line":111},"8":{"loc":{"start":{"line":114,"column":6},"end":{"line":118,"column":null}},"type":"binary-expr","locations":[{"start":{"line":114,"column":6},"end":{"line":114,"column":null}},{"start":{"line":115,"column":6},"end":{"line":115,"column":null}},{"start":{"line":116,"column":6},"end":{"line":116,"column":null}},{"start":{"line":117,"column":6},"end":{"line":117,"column":null}},{"start":{"line":118,"column":6},"end":{"line":118,"column":null}}],"line":114},"9":{"loc":{"start":{"line":119,"column":4},"end":{"line":121,"column":null}},"type":"if","locations":[{"start":{"line":119,"column":4},"end":{"line":121,"column":null}},{"start":{},"end":{}}],"line":119},"10":{"loc":{"start":{"line":119,"column":8},"end":{"line":119,"column":50}},"type":"binary-expr","locations":[{"start":{"line":119,"column":8},"end":{"line":119,"column":30}},{"start":{"line":119,"column":30},"end":{"line":119,"column":50}}],"line":119},"11":{"loc":{"start":{"line":134,"column":4},"end":{"line":134,"column":null}},"type":"if","locations":[{"start":{"line":134,"column":4},"end":{"line":134,"column":null}},{"start":{},"end":{}}],"line":134},"12":{"loc":{"start":{"line":134,"column":8},"end":{"line":134,"column":40}},"type":"binary-expr","locations":[{"start":{"line":134,"column":8},"end":{"line":134,"column":25}},{"start":{"line":134,"column":25},"end":{"line":134,"column":40}}],"line":134},"13":{"loc":{"start":{"line":140,"column":4},"end":{"line":140,"column":null}},"type":"if","locations":[{"start":{"line":140,"column":4},"end":{"line":140,"column":null}},{"start":{},"end":{}}],"line":140},"14":{"loc":{"start":{"line":143,"column":6},"end":{"line":143,"column":null}},"type":"if","locations":[{"start":{"line":143,"column":6},"end":{"line":143,"column":null}},{"start":{},"end":{}}],"line":143},"15":{"loc":{"start":{"line":144,"column":13},"end":{"line":144,"column":null}},"type":"binary-expr","locations":[{"start":{"line":144,"column":13},"end":{"line":144,"column":37}},{"start":{"line":144,"column":37},"end":{"line":144,"column":66}},{"start":{"line":144,"column":66},"end":{"line":144,"column":null}}],"line":144},"16":{"loc":{"start":{"line":147,"column":6},"end":{"line":149,"column":null}},"type":"binary-expr","locations":[{"start":{"line":147,"column":6},"end":{"line":147,"column":null}},{"start":{"line":148,"column":6},"end":{"line":148,"column":null}},{"start":{"line":149,"column":6},"end":{"line":149,"column":null}}],"line":147},"17":{"loc":{"start":{"line":150,"column":4},"end":{"line":152,"column":null}},"type":"if","locations":[{"start":{"line":150,"column":4},"end":{"line":152,"column":null}},{"start":{},"end":{}}],"line":150},"18":{"loc":{"start":{"line":150,"column":8},"end":{"line":150,"column":59}},"type":"binary-expr","locations":[{"start":{"line":150,"column":8},"end":{"line":150,"column":36}},{"start":{"line":150,"column":36},"end":{"line":150,"column":59}}],"line":150},"19":{"loc":{"start":{"line":159,"column":4},"end":{"line":159,"column":null}},"type":"if","locations":[{"start":{"line":159,"column":4},"end":{"line":159,"column":null}},{"start":{},"end":{}}],"line":159},"20":{"loc":{"start":{"line":159,"column":8},"end":{"line":159,"column":54}},"type":"binary-expr","locations":[{"start":{"line":159,"column":8},"end":{"line":159,"column":32}},{"start":{"line":159,"column":32},"end":{"line":159,"column":54}}],"line":159},"21":{"loc":{"start":{"line":161,"column":11},"end":{"line":161,"column":null}},"type":"binary-expr","locations":[{"start":{"line":161,"column":11},"end":{"line":161,"column":36}},{"start":{"line":161,"column":36},"end":{"line":161,"column":null}}],"line":161},"22":{"loc":{"start":{"line":164,"column":4},"end":{"line":164,"column":null}},"type":"if","locations":[{"start":{"line":164,"column":4},"end":{"line":164,"column":null}},{"start":{},"end":{}}],"line":164},"23":{"loc":{"start":{"line":165,"column":4},"end":{"line":170,"column":null}},"type":"if","locations":[{"start":{"line":165,"column":4},"end":{"line":170,"column":null}},{"start":{},"end":{}}],"line":165},"24":{"loc":{"start":{"line":166,"column":6},"end":{"line":168,"column":null}},"type":"if","locations":[{"start":{"line":166,"column":6},"end":{"line":168,"column":null}},{"start":{},"end":{}}],"line":166},"25":{"loc":{"start":{"line":171,"column":4},"end":{"line":173,"column":null}},"type":"if","locations":[{"start":{"line":171,"column":4},"end":{"line":173,"column":null}},{"start":{},"end":{}}],"line":171},"26":{"loc":{"start":{"line":171,"column":8},"end":{"line":171,"column":59}},"type":"binary-expr","locations":[{"start":{"line":171,"column":8},"end":{"line":171,"column":36}},{"start":{"line":171,"column":36},"end":{"line":171,"column":59}}],"line":171},"27":{"loc":{"start":{"line":179,"column":2},"end":{"line":191,"column":null}},"type":"if","locations":[{"start":{"line":179,"column":2},"end":{"line":191,"column":null}},{"start":{},"end":{}}],"line":179},"28":{"loc":{"start":{"line":181,"column":4},"end":{"line":183,"column":null}},"type":"if","locations":[{"start":{"line":181,"column":4},"end":{"line":183,"column":null}},{"start":{},"end":{}}],"line":181},"29":{"loc":{"start":{"line":188,"column":4},"end":{"line":190,"column":null}},"type":"if","locations":[{"start":{"line":188,"column":4},"end":{"line":190,"column":null}},{"start":{},"end":{}}],"line":188},"30":{"loc":{"start":{"line":188,"column":8},"end":{"line":188,"column":65}},"type":"binary-expr","locations":[{"start":{"line":188,"column":8},"end":{"line":188,"column":35}},{"start":{"line":188,"column":35},"end":{"line":188,"column":65}}],"line":188}},"s":{"0":5,"1":5,"2":5,"3":5,"4":33,"5":33,"6":10,"7":23,"8":22,"9":10,"10":47,"11":18,"12":57,"13":17,"14":2257,"15":32452,"16":2257,"17":57,"18":57,"19":238,"20":57,"21":51,"22":57,"23":458,"24":1799,"25":57,"26":51,"27":2,"28":51,"29":213,"30":51,"31":2,"32":51,"33":213,"34":213,"35":51,"36":51,"37":4,"38":57,"39":57,"40":285,"41":5,"42":57,"43":114,"44":103,"45":11,"46":29,"47":29,"48":11,"49":18,"50":11,"51":3,"52":114,"53":6,"54":57,"55":99,"56":10,"57":89,"58":639,"59":89,"60":57,"61":238,"62":227,"63":11,"64":4,"65":1,"66":4,"67":7,"68":1,"69":57,"70":57,"71":12,"72":12,"73":4,"74":1,"75":12,"76":66,"77":846,"78":66,"79":12,"80":1,"81":57},"f":{"0":33,"1":10,"2":23,"3":22,"4":47,"5":18,"6":57,"7":17,"8":2257,"9":32452,"10":57,"11":238,"12":51,"13":458,"14":1799,"15":213,"16":213,"17":29,"18":3,"19":99,"20":639,"21":238,"22":4,"23":66,"24":846},"b":{"0":[23,23],"1":[57,48,46],"2":[2180,77],"3":[57],"4":[51,6],"5":[2,49],"6":[2,49],"7":[213,200,189],"8":[51,3,3,2,2],"9":[4,47],"10":[51,6],"11":[5,280],"12":[285,52],"13":[103,11],"14":[11,18],"15":[18,17,13],"16":[11,4,3],"17":[6,108],"18":[114,8],"19":[10,89],"20":[99,92],"21":[89,89],"22":[227,11],"23":[4,7],"24":[1,3],"25":[1,6],"26":[7,6],"27":[12,45],"28":[1,11],"29":[1,11],"30":[12,12]},"meta":{"lastBranch":31,"lastFunction":25,"lastStatement":82,"seen":{"s:19:36:19:Infinity":0,"s:20:36:20:Infinity":1,"s:23:38:23:Infinity":2,"s:26:45:26:Infinity":3,"f:32:16:32:48":0,"s:33:8:33:Infinity":4,"s:34:2:34:Infinity":5,"f:38:16:38:40":1,"s:39:16:41:Infinity":6,"f:40:5:40:13":2,"s:40:19:40:62":7,"b:40:19:40:38:40:38:40:62":0,"f:41:5:41:10":3,"s:41:16:41:22":8,"s:42:2:42:Infinity":9,"f:46:16:46:40":4,"s:47:2:47:Infinity":10,"f:51:16:51:29":5,"s:52:2:52:Infinity":11,"f:56:16:56:35":6,"s:57:2:57:Infinity":12,"b:57:9:57:21:57:21:57:32:57:32:57:Infinity":1,"f:61:16:61:41":7,"s:62:2:62:Infinity":13,"f:65:9:65:16":8,"s:66:18:66:Infinity":14,"f:66:27:66:33":9,"s:66:39:66:62":15,"s:67:2:67:Infinity":16,"b:67:19:67:40:67:40:67:Infinity":2,"f:86:16:86:Infinity":10,"b:90:27:90:Infinity":3,"s:92:31:92:Infinity":17,"s:93:14:93:Infinity":18,"f:93:20:93:25":11,"s:93:31:93:42":19,"s:94:8:94:Infinity":20,"f:94:8:94:15":12,"s:94:30:94:Infinity":21,"s:95:8:95:Infinity":22,"f:95:8:95:22":13,"s:95:38:95:Infinity":23,"f:95:44:95:50":14,"s:95:56:95:89":24,"b:97:2:122:Infinity:undefined:undefined:undefined:undefined":4,"s:97:2:122:Infinity":25,"b:99:4:101:Infinity:undefined:undefined:undefined:undefined":5,"s:99:4:101:Infinity":26,"s:100:6:100:Infinity":27,"s:102:27:102:Infinity":28,"f:102:33:102:41":15,"s:102:47:102:93":29,"b:103:4:105:Infinity:undefined:undefined:undefined:undefined":6,"s:103:4:105:Infinity":30,"s:104:6:104:Infinity":31,"s:109:27:112:Infinity":32,"f:109:33:109:41":16,"s:110:19:110:Infinity":33,"s:111:6:111:Infinity":34,"b:111:13:111:37:111:37:111:66:111:66:111:Infinity":7,"s:114:6:118:Infinity":35,"b:114:6:114:Infinity:115:6:115:Infinity:116:6:116:Infinity:117:6:117:Infinity:118:6:118:Infinity":8,"b:119:4:121:Infinity:undefined:undefined:undefined:undefined":9,"s:119:4:121:Infinity":36,"b:119:8:119:30:119:30:119:50":10,"s:120:6:120:Infinity":37,"s:125:49:132:Infinity":38,"s:133:2:135:Infinity":39,"b:134:4:134:Infinity:undefined:undefined:undefined:undefined":11,"s:134:4:134:Infinity":40,"b:134:8:134:25:134:25:134:40":12,"s:134:40:134:Infinity":41,"s:139:2:153:Infinity":42,"b:140:4:140:Infinity:undefined:undefined:undefined:undefined":13,"s:140:4:140:Infinity":43,"s:140:30:140:Infinity":44,"s:141:26:145:Infinity":45,"f:141:32:141:40":17,"s:142:19:142:Infinity":46,"b:143:6:143:Infinity:undefined:undefined:undefined:undefined":14,"s:143:6:143:Infinity":47,"s:143:34:143:Infinity":48,"s:144:6:144:Infinity":49,"b:144:13:144:37:144:37:144:66:144:66:144:Infinity":15,"s:147:6:149:Infinity":50,"b:147:6:147:Infinity:148:6:148:Infinity:149:6:149:Infinity":16,"f:149:20:149:27":18,"s:149:33:149:73":51,"b:150:4:152:Infinity:undefined:undefined:undefined:undefined":17,"s:150:4:152:Infinity":52,"b:150:8:150:36:150:36:150:59":18,"s:151:6:151:Infinity":53,"s:158:28:162:Infinity":54,"f:158:34:158:45":19,"b:159:4:159:Infinity:undefined:undefined:undefined:undefined":19,"s:159:4:159:Infinity":55,"b:159:8:159:32:159:32:159:54":20,"s:159:54:159:Infinity":56,"s:160:20:160:Infinity":57,"f:160:29:160:35":20,"s:160:41:160:61":58,"s:161:4:161:Infinity":59,"b:161:11:161:36:161:36:161:Infinity":21,"s:163:2:174:Infinity":60,"f:163:8:163:17":21,"b:164:4:164:Infinity:undefined:undefined:undefined:undefined":22,"s:164:4:164:Infinity":61,"s:164:31:164:Infinity":62,"b:165:4:170:Infinity:undefined:undefined:undefined:undefined":23,"s:165:4:170:Infinity":63,"b:166:6:168:Infinity:undefined:undefined:undefined:undefined":24,"s:166:6:168:Infinity":64,"s:167:8:167:Infinity":65,"s:169:6:169:Infinity":66,"b:171:4:173:Infinity:undefined:undefined:undefined:undefined":25,"s:171:4:173:Infinity":67,"b:171:8:171:36:171:36:171:59":26,"s:172:6:172:Infinity":68,"s:178:20:178:Infinity":69,"b:179:2:191:Infinity:undefined:undefined:undefined:undefined":27,"s:179:2:191:Infinity":70,"s:180:22:180:Infinity":71,"b:181:4:183:Infinity:undefined:undefined:undefined:undefined":28,"s:181:4:183:Infinity":72,"f:181:18:181:24":22,"s:181:30:181:66":73,"s:182:6:182:Infinity":74,"s:184:29:187:Infinity":75,"f:184:35:184:46":23,"s:185:22:185:Infinity":76,"f:185:31:185:37":24,"s:185:43:185:63":77,"s:186:6:186:Infinity":78,"b:188:4:190:Infinity:undefined:undefined:undefined:undefined":29,"s:188:4:190:Infinity":79,"b:188:8:188:35:188:35:188:65":30,"s:189:6:189:Infinity":80,"s:193:2:193:Infinity":81},"fnNames":{}}}
,"/Users/calvin/Documents/Claude/Skincare app/routine/src/engine/seed.ts": {"path":"/Users/calvin/Documents/Claude/Skincare app/routine/src/engine/seed.ts","statementMap":{"0":{"start":{"line":8,"column":2},"end":{"line":31,"column":null}},"1":{"start":{"line":40,"column":2},"end":{"line":59,"column":null}}},"fnMap":{"0":{"name":"seedSettings","decl":{"start":{"line":7,"column":16},"end":{"line":7,"column":41}},"loc":{"start":{"line":7,"column":41},"end":{"line":32,"column":null}},"line":7},"1":{"name":"seedSessions","decl":{"start":{"line":39,"column":16},"end":{"line":39,"column":42}},"loc":{"start":{"line":39,"column":42},"end":{"line":60,"column":null}},"line":39}},"branchMap":{},"s":{"0":2,"1":2},"f":{"0":2,"1":2},"b":{},"meta":{"lastBranch":0,"lastFunction":2,"lastStatement":2,"seen":{"f:7:16:7:41":0,"s:8:2:31:Infinity":0,"f:39:16:39:42":1,"s:40:2:59:Infinity":1},"fnNames":{}}}
,"/Users/calvin/Documents/Claude/Skincare app/routine/src/engine/sequence.ts": {"path":"/Users/calvin/Documents/Claude/Skincare app/routine/src/engine/sequence.ts","statementMap":{"0":{"start":{"line":48,"column":25},"end":{"line":48,"column":null}},"1":{"start":{"line":49,"column":25},"end":{"line":49,"column":null}},"2":{"start":{"line":53,"column":4},"end":{"line":53,"column":null}},"3":{"start":{"line":53,"column":44},"end":{"line":53,"column":53}},"4":{"start":{"line":57,"column":4},"end":{"line":57,"column":null}},"5":{"start":{"line":62,"column":20},"end":{"line":62,"column":null}},"6":{"start":{"line":63,"column":4},"end":{"line":63,"column":null}},"7":{"start":{"line":63,"column":27},"end":{"line":63,"column":null}},"8":{"start":{"line":64,"column":4},"end":{"line":71,"column":null}},"9":{"start":{"line":75,"column":4},"end":{"line":75,"column":null}},"10":{"start":{"line":79,"column":4},"end":{"line":79,"column":null}},"11":{"start":{"line":84,"column":4},"end":{"line":84,"column":null}},"12":{"start":{"line":84,"column":26},"end":{"line":84,"column":null}},"13":{"start":{"line":88,"column":31},"end":{"line":88,"column":null}},"14":{"start":{"line":91,"column":20},"end":{"line":91,"column":null}},"15":{"start":{"line":92,"column":2},"end":{"line":92,"column":null}},"16":{"start":{"line":96,"column":2},"end":{"line":96,"column":null}},"17":{"start":{"line":96,"column":33},"end":{"line":96,"column":79}},"18":{"start":{"line":101,"column":13},"end":{"line":101,"column":null}},"19":{"start":{"line":103,"column":2},"end":{"line":105,"column":null}},"20":{"start":{"line":110,"column":2},"end":{"line":110,"column":null}},"21":{"start":{"line":110,"column":40},"end":{"line":110,"column":null}},"22":{"start":{"line":111,"column":18},"end":{"line":111,"column":null}},"23":{"start":{"line":112,"column":17},"end":{"line":112,"column":null}},"24":{"start":{"line":113,"column":13},"end":{"line":113,"column":null}},"25":{"start":{"line":114,"column":2},"end":{"line":117,"column":null}},"26":{"start":{"line":116,"column":4},"end":{"line":116,"column":null}},"27":{"start":{"line":118,"column":17},"end":{"line":120,"column":null}},"28":{"start":{"line":119,"column":31},"end":{"line":119,"column":59}},"29":{"start":{"line":119,"column":72},"end":{"line":119,"column":76}},"30":{"start":{"line":121,"column":18},"end":{"line":121,"column":null}},"31":{"start":{"line":121,"column":38},"end":{"line":121,"column":49}},"32":{"start":{"line":122,"column":2},"end":{"line":126,"column":null}},"33":{"start":{"line":123,"column":30},"end":{"line":123,"column":59}},"34":{"start":{"line":130,"column":2},"end":{"line":143,"column":null}},"35":{"start":{"line":131,"column":4},"end":{"line":131,"column":null}},"36":{"start":{"line":131,"column":23},"end":{"line":131,"column":null}},"37":{"start":{"line":132,"column":4},"end":{"line":133,"column":null}},"38":{"start":{"line":133,"column":6},"end":{"line":133,"column":null}},"39":{"start":{"line":134,"column":4},"end":{"line":135,"column":null}},"40":{"start":{"line":135,"column":6},"end":{"line":135,"column":null}},"41":{"start":{"line":136,"column":4},"end":{"line":137,"column":null}},"42":{"start":{"line":137,"column":6},"end":{"line":137,"column":null}},"43":{"start":{"line":138,"column":4},"end":{"line":139,"column":null}},"44":{"start":{"line":139,"column":6},"end":{"line":139,"column":null}},"45":{"start":{"line":141,"column":4},"end":{"line":142,"column":null}},"46":{"start":{"line":142,"column":6},"end":{"line":142,"column":null}},"47":{"start":{"line":149,"column":12},"end":{"line":149,"column":null}},"48":{"start":{"line":150,"column":18},"end":{"line":150,"column":null}},"49":{"start":{"line":151,"column":20},"end":{"line":151,"column":null}},"50":{"start":{"line":152,"column":8},"end":{"line":152,"column":null}},"51":{"start":{"line":155,"column":2},"end":{"line":157,"column":null}},"52":{"start":{"line":156,"column":4},"end":{"line":156,"column":null}},"53":{"start":{"line":158,"column":2},"end":{"line":160,"column":null}},"54":{"start":{"line":159,"column":4},"end":{"line":159,"column":null}},"55":{"start":{"line":162,"column":2},"end":{"line":192,"column":null}},"56":{"start":{"line":163,"column":4},"end":{"line":165,"column":null}},"57":{"start":{"line":164,"column":6},"end":{"line":164,"column":null}},"58":{"start":{"line":166,"column":4},"end":{"line":166,"column":null}},"59":{"start":{"line":167,"column":4},"end":{"line":167,"column":null}},"60":{"start":{"line":167,"column":19},"end":{"line":167,"column":null}},"61":{"start":{"line":168,"column":4},"end":{"line":168,"column":null}},"62":{"start":{"line":169,"column":4},"end":{"line":169,"column":null}},"63":{"start":{"line":169,"column":19},"end":{"line":169,"column":null}},"64":{"start":{"line":170,"column":4},"end":{"line":174,"column":null}},"65":{"start":{"line":171,"column":6},"end":{"line":171,"column":null}},"66":{"start":{"line":173,"column":6},"end":{"line":173,"column":null}},"67":{"start":{"line":175,"column":4},"end":{"line":177,"column":null}},"68":{"start":{"line":176,"column":6},"end":{"line":176,"column":null}},"69":{"start":{"line":179,"column":4},"end":{"line":186,"column":null}},"70":{"start":{"line":187,"column":4},"end":{"line":187,"column":null}},"71":{"start":{"line":188,"column":4},"end":{"line":188,"column":null}},"72":{"start":{"line":188,"column":19},"end":{"line":188,"column":null}},"73":{"start":{"line":189,"column":4},"end":{"line":189,"column":null}},"74":{"start":{"line":190,"column":4},"end":{"line":190,"column":null}},"75":{"start":{"line":190,"column":19},"end":{"line":190,"column":null}},"76":{"start":{"line":191,"column":4},"end":{"line":191,"column":null}},"77":{"start":{"line":194,"column":2},"end":{"line":194,"column":null}},"78":{"start":{"line":197,"column":2},"end":{"line":199,"column":null}},"79":{"start":{"line":198,"column":4},"end":{"line":198,"column":null}},"80":{"start":{"line":200,"column":2},"end":{"line":204,"column":null}},"81":{"start":{"line":201,"column":4},"end":{"line":201,"column":null}},"82":{"start":{"line":202,"column":4},"end":{"line":202,"column":null}},"83":{"start":{"line":203,"column":4},"end":{"line":203,"column":null}},"84":{"start":{"line":205,"column":2},"end":{"line":208,"column":null}},"85":{"start":{"line":206,"column":4},"end":{"line":206,"column":null}},"86":{"start":{"line":207,"column":4},"end":{"line":207,"column":null}},"87":{"start":{"line":209,"column":2},"end":{"line":215,"column":null}},"88":{"start":{"line":210,"column":4},"end":{"line":210,"column":null}},"89":{"start":{"line":211,"column":4},"end":{"line":212,"column":null}},"90":{"start":{"line":212,"column":6},"end":{"line":212,"column":null}},"91":{"start":{"line":213,"column":4},"end":{"line":214,"column":null}},"92":{"start":{"line":214,"column":6},"end":{"line":214,"column":null}},"93":{"start":{"line":216,"column":8},"end":{"line":216,"column":null}},"94":{"start":{"line":217,"column":2},"end":{"line":219,"column":null}},"95":{"start":{"line":218,"column":4},"end":{"line":218,"column":null}},"96":{"start":{"line":220,"column":2},"end":{"line":222,"column":null}},"97":{"start":{"line":221,"column":4},"end":{"line":221,"column":null}},"98":{"start":{"line":224,"column":2},"end":{"line":224,"column":null}},"99":{"start":{"line":230,"column":15},"end":{"line":230,"column":null}},"100":{"start":{"line":231,"column":8},"end":{"line":231,"column":null}},"101":{"start":{"line":232,"column":2},"end":{"line":237,"column":null}},"102":{"start":{"line":234,"column":4},"end":{"line":234,"column":null}},"103":{"start":{"line":234,"column":16},"end":{"line":234,"column":null}},"104":{"start":{"line":235,"column":4},"end":{"line":235,"column":null}},"105":{"start":{"line":236,"column":4},"end":{"line":236,"column":null}},"106":{"start":{"line":238,"column":2},"end":{"line":243,"column":null}},"107":{"start":{"line":239,"column":4},"end":{"line":239,"column":null}},"108":{"start":{"line":240,"column":4},"end":{"line":240,"column":null}},"109":{"start":{"line":242,"column":4},"end":{"line":242,"column":null}},"110":{"start":{"line":248,"column":4},"end":{"line":251,"column":null}},"111":{"start":{"line":248,"column":22},"end":{"line":248,"column":42}},"112":{"start":{"line":250,"column":6},"end":{"line":250,"column":null}},"113":{"start":{"line":252,"column":2},"end":{"line":252,"column":null}},"114":{"start":{"line":252,"column":57},"end":{"line":252,"column":null}},"115":{"start":{"line":253,"column":2},"end":{"line":253,"column":null}},"116":{"start":{"line":257,"column":20},"end":{"line":257,"column":null}},"117":{"start":{"line":258,"column":12},"end":{"line":258,"column":null}},"118":{"start":{"line":259,"column":15},"end":{"line":259,"column":null}},"119":{"start":{"line":260,"column":20},"end":{"line":260,"column":null}},"120":{"start":{"line":261,"column":20},"end":{"line":261,"column":null}},"121":{"start":{"line":262,"column":18},"end":{"line":262,"column":null}},"122":{"start":{"line":263,"column":8},"end":{"line":263,"column":null}},"123":{"start":{"line":264,"column":8},"end":{"line":264,"column":null}},"124":{"start":{"line":266,"column":2},"end":{"line":266,"column":null}},"125":{"start":{"line":269,"column":2},"end":{"line":271,"column":null}},"126":{"start":{"line":270,"column":4},"end":{"line":270,"column":null}},"127":{"start":{"line":274,"column":2},"end":{"line":276,"column":null}},"128":{"start":{"line":275,"column":4},"end":{"line":275,"column":null}},"129":{"start":{"line":278,"column":2},"end":{"line":278,"column":null}},"130":{"start":{"line":282,"column":4},"end":{"line":285,"column":null}},"131":{"start":{"line":287,"column":4},"end":{"line":291,"column":null}},"132":{"start":{"line":295,"column":20},"end":{"line":295,"column":null}},"133":{"start":{"line":296,"column":2},"end":{"line":303,"column":null}},"134":{"start":{"line":297,"column":4},"end":{"line":302,"column":null}},"135":{"start":{"line":298,"column":6},"end":{"line":298,"column":null}},"136":{"start":{"line":299,"column":6},"end":{"line":299,"column":null}},"137":{"start":{"line":301,"column":6},"end":{"line":301,"column":null}},"138":{"start":{"line":305,"column":2},"end":{"line":347,"column":null}},"139":{"start":{"line":307,"column":6},"end":{"line":307,"column":null}},"140":{"start":{"line":308,"column":6},"end":{"line":315,"column":null}},"141":{"start":{"line":316,"column":6},"end":{"line":316,"column":null}},"142":{"start":{"line":317,"column":6},"end":{"line":317,"column":null}},"143":{"start":{"line":318,"column":6},"end":{"line":318,"column":null}},"144":{"start":{"line":319,"column":28},"end":{"line":319,"column":null}},"145":{"start":{"line":320,"column":6},"end":{"line":322,"column":null}},"146":{"start":{"line":321,"column":8},"end":{"line":321,"column":null}},"147":{"start":{"line":323,"column":6},"end":{"line":323,"column":null}},"148":{"start":{"line":326,"column":6},"end":{"line":326,"column":null}},"149":{"start":{"line":327,"column":6},"end":{"line":327,"column":null}},"150":{"start":{"line":330,"column":6},"end":{"line":330,"column":null}},"151":{"start":{"line":331,"column":6},"end":{"line":331,"column":null}},"152":{"start":{"line":334,"column":6},"end":{"line":334,"column":null}},"153":{"start":{"line":334,"column":20},"end":{"line":334,"column":null}},"154":{"start":{"line":335,"column":6},"end":{"line":335,"column":null}},"155":{"start":{"line":335,"column":23},"end":{"line":335,"column":null}},"156":{"start":{"line":336,"column":6},"end":{"line":336,"column":null}},"157":{"start":{"line":337,"column":6},"end":{"line":337,"column":null}},"158":{"start":{"line":340,"column":6},"end":{"line":340,"column":null}},"159":{"start":{"line":341,"column":6},"end":{"line":341,"column":null}},"160":{"start":{"line":342,"column":6},"end":{"line":342,"column":null}},"161":{"start":{"line":346,"column":6},"end":{"line":346,"column":null}},"162":{"start":{"line":350,"column":2},"end":{"line":354,"column":null}},"163":{"start":{"line":351,"column":4},"end":{"line":351,"column":null}},"164":{"start":{"line":353,"column":4},"end":{"line":353,"column":null}},"165":{"start":{"line":357,"column":22},"end":{"line":359,"column":null}},"166":{"start":{"line":358,"column":11},"end":{"line":358,"column":null}},"167":{"start":{"line":360,"column":2},"end":{"line":365,"column":null}},"168":{"start":{"line":361,"column":4},"end":{"line":364,"column":null}},"169":{"start":{"line":363,"column":45},"end":{"line":363,"column":51}},"170":{"start":{"line":368,"column":2},"end":{"line":370,"column":null}},"171":{"start":{"line":369,"column":4},"end":{"line":369,"column":null}},"172":{"start":{"line":372,"column":2},"end":{"line":374,"column":null}},"173":{"start":{"line":373,"column":4},"end":{"line":373,"column":null}},"174":{"start":{"line":375,"column":2},"end":{"line":375,"column":null}},"175":{"start":{"line":376,"column":2},"end":{"line":378,"column":null}},"176":{"start":{"line":377,"column":4},"end":{"line":377,"column":null}},"177":{"start":{"line":379,"column":2},"end":{"line":381,"column":null}},"178":{"start":{"line":380,"column":4},"end":{"line":380,"column":null}},"179":{"start":{"line":382,"column":28},"end":{"line":382,"column":null}},"180":{"start":{"line":383,"column":2},"end":{"line":385,"column":null}},"181":{"start":{"line":384,"column":4},"end":{"line":384,"column":null}},"182":{"start":{"line":387,"column":2},"end":{"line":392,"column":null}},"183":{"start":{"line":391,"column":40},"end":{"line":391,"column":44}},"184":{"start":{"line":396,"column":2},"end":{"line":396,"column":null}},"185":{"start":{"line":396,"column":33},"end":{"line":396,"column":null}},"186":{"start":{"line":397,"column":2},"end":{"line":397,"column":null}}},"fnMap":{"0":{"name":"constructor","decl":{"start":{"line":52,"column":2},"end":{"line":52,"column":14}},"loc":{"start":{"line":52,"column":35},"end":{"line":54,"column":null}},"line":52},"1":{"name":"(anonymous_1)","decl":{"start":{"line":53,"column":33},"end":{"line":53,"column":38}},"loc":{"start":{"line":53,"column":44},"end":{"line":53,"column":53}},"line":53},"2":{"name":"enabled","decl":{"start":{"line":56,"column":2},"end":{"line":56,"column":10}},"loc":{"start":{"line":56,"column":31},"end":{"line":58,"column":null}},"line":56},"3":{"name":"add","decl":{"start":{"line":61,"column":2},"end":{"line":61,"column":6}},"loc":{"start":{"line":61,"column":80},"end":{"line":72,"column":null}},"line":61},"4":{"name":"addRaw","decl":{"start":{"line":74,"column":2},"end":{"line":74,"column":9}},"loc":{"start":{"line":74,"column":34},"end":{"line":76,"column":null}},"line":74},"5":{"name":"advise","decl":{"start":{"line":78,"column":2},"end":{"line":78,"column":9}},"loc":{"start":{"line":78,"column":29},"end":{"line":80,"column":null}},"line":78},"6":{"name":"adviseIf","decl":{"start":{"line":83,"column":2},"end":{"line":83,"column":11}},"loc":{"start":{"line":83,"column":43},"end":{"line":85,"column":null}},"line":83},"7":{"name":"scheduleDayType","decl":{"start":{"line":90,"column":9},"end":{"line":90,"column":25}},"loc":{"start":{"line":90,"column":69},"end":{"line":93,"column":null}},"line":90},"8":{"name":"todaysAm","decl":{"start":{"line":95,"column":9},"end":{"line":95,"column":18}},"loc":{"start":{"line":95,"column":61},"end":{"line":97,"column":null}},"line":95},"9":{"name":"(anonymous_9)","decl":{"start":{"line":96,"column":21},"end":{"line":96,"column":27}},"loc":{"start":{"line":96,"column":33},"end":{"line":96,"column":79}},"line":96},"10":{"name":"effectiveDayType","decl":{"start":{"line":100,"column":9},"end":{"line":100,"column":26}},"loc":{"start":{"line":100,"column":57},"end":{"line":106,"column":null}},"line":100},"11":{"name":"wornToday","decl":{"start":{"line":109,"column":9},"end":{"line":109,"column":19}},"loc":{"start":{"line":109,"column":106},"end":{"line":127,"column":null}},"line":109},"12":{"name":"(anonymous_12)","decl":{"start":{"line":119,"column":17},"end":{"line":119,"column":25}},"loc":{"start":{"line":119,"column":31},"end":{"line":119,"column":59}},"line":119},"13":{"name":"(anonymous_13)","decl":{"start":{"line":119,"column":61},"end":{"line":119,"column":66}},"loc":{"start":{"line":119,"column":72},"end":{"line":119,"column":76}},"line":119},"14":{"name":"(anonymous_14)","decl":{"start":{"line":121,"column":27},"end":{"line":121,"column":32}},"loc":{"start":{"line":121,"column":38},"end":{"line":121,"column":49}},"line":121},"15":{"name":"(anonymous_15)","decl":{"start":{"line":123,"column":17},"end":{"line":123,"column":23}},"loc":{"start":{"line":123,"column":30},"end":{"line":123,"column":59}},"line":123},"16":{"name":"weatherAdvisories","decl":{"start":{"line":129,"column":9},"end":{"line":129,"column":27}},"loc":{"start":{"line":129,"column":95},"end":{"line":144,"column":null}},"line":129},"17":{"name":"buildAm","decl":{"start":{"line":148,"column":9},"end":{"line":148,"column":17}},"loc":{"start":{"line":148,"column":76},"end":{"line":225,"column":null}},"line":148},"18":{"name":"addCleansing","decl":{"start":{"line":229,"column":9},"end":{"line":229,"column":22}},"
[...]
56:217:56:217:82":37,"s:218:4:218:Infinity":95,"b:220:2:222:Infinity:undefined:undefined:undefined:undefined":38,"s:220:2:222:Infinity":96,"b:220:6:220:27:220:27:220:55":39,"s:221:4:221:Infinity":97,"s:224:2:224:Infinity":98,"f:229:9:229:22":18,"s:230:15:230:Infinity":99,"s:231:8:231:Infinity":100,"b:232:2:237:Infinity:undefined:undefined:undefined:undefined":40,"s:232:2:237:Infinity":101,"b:234:4:234:Infinity:undefined:undefined:undefined:undefined":41,"s:234:4:234:Infinity":102,"s:234:16:234:Infinity":103,"s:235:4:235:Infinity":104,"s:236:4:236:Infinity":105,"b:238:2:243:Infinity:241:9:243:Infinity":42,"s:238:2:243:Infinity":106,"s:239:4:239:Infinity":107,"s:240:4:240:Infinity":108,"s:242:4:242:Infinity":109,"f:246:9:246:23":19,"s:248:4:251:Infinity":110,"b:248:4:248:Infinity:249:4:251:Infinity":43,"f:248:10:248:16":20,"s:248:22:248:42":111,"f:249:23:249:29":21,"s:250:6:250:Infinity":112,"b:252:2:252:Infinity:undefined:undefined:undefined:undefined":44,"s:252:2:252:Infinity":113,"b:252:6:252:19:252:19:252:57":45,"s:252:57:252:Infinity":114,"s:253:2:253:Infinity":115,"f:256:9:256:17":22,"s:257:20:257:Infinity":116,"b:257:20:257:37:257:37:257:Infinity":46,"s:258:12:258:Infinity":117,"s:259:15:259:Infinity":118,"s:260:20:260:Infinity":119,"s:261:20:261:Infinity":120,"s:262:18:262:Infinity":121,"s:263:8:263:Infinity":122,"s:264:8:264:Infinity":123,"s:266:2:266:Infinity":124,"b:269:2:271:Infinity:undefined:undefined:undefined:undefined":47,"s:269:2:271:Infinity":125,"b:269:6:269:41:269:41:269:77":48,"s:270:4:270:Infinity":126,"b:274:2:276:Infinity:undefined:undefined:undefined:undefined":49,"s:274:2:276:Infinity":127,"s:275:4:275:Infinity":128,"s:278:2:278:Infinity":129,"s:282:4:285:Infinity":130,"b:282:4:282:Infinity:283:4:283:Infinity:284:4:284:Infinity:285:4:285:Infinity":50,"s:287:4:291:Infinity":131,"b:287:4:287:Infinity:288:4:288:Infinity:289:4:289:Infinity:290:4:290:Infinity:291:4:291:Infinity":51,"s:295:20:295:Infinity":132,"b:295:20:295:42:295:42:295:Infinity":52,"b:296:2:303:Infinity:undefined:undefined:undefined:undefined":53,"s:296:2:303:Infinity":133,"b:296:6:296:20:296:20:296:43:296:34:296:79":54,"b:297:4:302:Infinity:300:11:302:Infinity":55,"s:297:4:302:Infinity":134,"b:297:8:297:34:297:34:297:47:297:47:297:58":56,"s:298:6:298:Infinity":135,"s:299:6:299:Infinity":136,"s:301:6:301:Infinity":137,"b:306:4:324:Infinity:325:4:328:Infinity:329:4:332:Infinity:333:4:338:Infinity:339:4:343:Infinity:344:4:344:Infinity:345:4:346:Infinity":57,"s:305:2:347:Infinity":138,"s:307:6:307:Infinity":139,"s:308:6:315:Infinity":140,"s:316:6:316:Infinity":141,"s:317:6:317:Infinity":142,"s:318:6:318:Infinity":143,"s:319:28:319:Infinity":144,"b:320:6:322:Infinity:undefined:undefined:undefined:undefined":58,"s:320:6:322:Infinity":145,"b:320:10:320:23:320:23:320:38":59,"s:321:8:321:Infinity":146,"b:321:48:321:96:321:96:321:140":60,"s:323:6:323:Infinity":147,"s:326:6:326:Infinity":148,"s:327:6:327:Infinity":149,"s:330:6:330:Infinity":150,"s:331:6:331:Infinity":151,"b:334:6:334:Infinity:undefined:undefined:undefined:undefined":61,"s:334:6:334:Infinity":152,"s:334:20:334:Infinity":153,"b:335:6:335:Infinity:undefined:undefined:undefined:undefined":62,"s:335:6:335:Infinity":154,"s:335:23:335:Infinity":155,"s:336:6:336:Infinity":156,"s:337:6:337:Infinity":157,"s:340:6:340:Infinity":158,"s:341:6:341:Infinity":159,"s:342:6:342:Infinity":160,"s:346:6:346:Infinity":161,"b:350:2:354:Infinity:352:9:354:Infinity":63,"s:350:2:354:Infinity":162,"b:350:6:350:33:350:33:350:46:350:46:350:58":64,"s:351:4:351:Infinity":163,"s:353:4:353:Infinity":164,"s:357:22:359:Infinity":165,"f:357:32:357:Infinity":23,"s:358:11:358:Infinity":166,"b:358:11:358:36:358:36:358:62:358:62:358:Infinity":65,"b:360:2:365:Infinity:undefined:undefined:undefined:undefined":66,"s:360:2:365:Infinity":167,"s:361:4:364:Infinity":168,"f:363:34:363:39":24,"s:363:45:363:51":169,"b:368:2:370:Infinity:undefined:undefined:undefined:undefined":67,"s:368:2:370:Infinity":170,"s:369:4:369:Infinity":171,"b:372:2:374:Infinity:undefined:undefined:undefined:undefined":68,"s:372:2:374:Infinity":172,"b:372:6:372:23:372:23:372:46":69,"s:373:4:373:Infinity":173,"s:375:2:375:Infinity":174,"b:376:2:378:Infinity:undefined:undefined:undefined:undefined":70,"s:376:2:378:Infinity":175,"b:376:6:376:19:376:19:376:43":71,"s:377:4:377:Infinity":176,"b:379:2:381:Infinity:undefined:undefined:undefined:undefined":72,"s:379:2:381:Infinity":177,"b:379:6:379:30:379:30:379:56":73,"s:380:4:380:Infinity":178,"s:382:28:382:Infinity":179,"b:383:2:385:Infinity:undefined:undefined:undefined:undefined":74,"s:383:2:385:Infinity":180,"s:384:4:384:Infinity":181,"s:387:2:392:Infinity":182,"f:391:29:391:34":25,"s:391:40:391:44":183,"f:395:16:395:30":26,"b:396:2:396:Infinity:undefined:undefined:undefined:undefined":75,"s:396:2:396:Infinity":184,"s:396:33:396:Infinity":185,"s:397:2:397:Infinity":186},"fnNames":{}}}
,"/Users/calvin/Documents/Claude/Skincare app/routine/src/engine/spots.ts": {"path":"/Users/calvin/Documents/Claude/Skincare app/routine/src/engine/spots.ts","statementMap":{"0":{"start":{"line":16,"column":38},"end":{"line":16,"column":null}},"1":{"start":{"line":24,"column":15},"end":{"line":24,"column":null}},"2":{"start":{"line":24,"column":33},"end":{"line":24,"column":67}},"3":{"start":{"line":26,"column":2},"end":{"line":42,"column":null}},"4":{"start":{"line":27,"column":22},"end":{"line":29,"column":null}},"5":{"start":{"line":28,"column":13},"end":{"line":28,"column":null}},"6":{"start":{"line":30,"column":4},"end":{"line":30,"column":null}},"7":{"start":{"line":30,"column":19},"end":{"line":30,"column":null}},"8":{"start":{"line":31,"column":4},"end":{"line":41,"column":null}},"9":{"start":{"line":44,"column":18},"end":{"line":44,"column":null}},"10":{"start":{"line":45,"column":2},"end":{"line":53,"column":null}},"11":{"start":{"line":46,"column":19},"end":{"line":46,"column":null}},"12":{"start":{"line":46,"column":38},"end":{"line":46,"column":60}},"13":{"start":{"line":47,"column":4},"end":{"line":47,"column":null}},"14":{"start":{"line":47,"column":17},"end":{"line":47,"column":null}},"15":{"start":{"line":48,"column":21},"end":{"line":48,"column":null}},"16":{"start":{"line":49,"column":4},"end":{"line":49,"column":null}},"17":{"start":{"line":50,"column":4},"end":{"line":52,"column":null}},"18":{"start":{"line":51,"column":6},"end":{"line":51,"column":null}},"19":{"start":{"line":55,"column":2},"end":{"line":55,"column":null}},"20":{"start":{"line":60,"column":16},"end":{"line":62,"column":null}},"21":{"start":{"line":61,"column":19},"end":{"line":61,"column":69}},"22":{"start":{"line":62,"column":16},"end":{"line":62,"column":22}},"23":{"start":{"line":63,"column":2},"end":{"line":63,"column":null}},"24":{"start":{"line":71,"column":2},"end":{"line":71,"column":null}},"25":{"start":{"line":71,"column":31},"end":{"line":71,"column":null}},"26":{"start":{"line":72,"column":14},"end":{"line":72,"column":null}},"27":{"start":{"line":73,"column":2},"end":{"line":73,"column":null}},"28":{"start":{"line":73,"column":36},"end":{"line":73,"column":null}},"29":{"start":{"line":74,"column":8},"end":{"line":74,"column":null}},"30":{"start":{"line":75,"column":28},"end":{"line":75,"column":null}},"31":{"start":{"line":75,"column":53},"end":{"line":75,"column":96}},"32":{"start":{"line":76,"column":2},"end":{"line":76,"column":null}},"33":{"start":{"line":84,"column":25},"end":{"line":84,"column":null}},"34":{"start":{"line":85,"column":25},"end":{"line":91,"column":null}},"35":{"start":{"line":92,"column":18},"end":{"line":112,"column":null}},"36":{"start":{"line":113,"column":2},"end":{"line":118,"column":null}},"37":{"start":{"line":131,"column":2},"end":{"line":131,"column":null}},"38":{"start":{"line":131,"column":80},"end":{"line":131,"column":null}},"39":{"start":{"line":132,"column":17},"end":{"line":132,"column":null}},"40":{"start":{"line":132,"column":35},"end":{"line":132,"column":55}},"41":{"start":{"line":133,"column":2},"end":{"line":133,"column":null}},"42":{"start":{"line":133,"column":15},"end":{"line":133,"column":null}},"43":{"start":{"line":134,"column":2},"end":{"line":134,"column":null}},"44":{"start":{"line":134,"column":36},"end":{"line":134,"column":87}}},"fnMap":{"0":{"name":"applySpotAnswers","decl":{"start":{"line":23,"column":16},"end":{"line":23,"column":33}},"loc":{"start":{"line":23,"column":89},"end":{"line":56,"column":null}},"line":23},"1":{"name":"(anonymous_1)","decl":{"start":{"line":24,"column":21},"end":{"line":24,"column":26}},"loc":{"start":{"line":24,"column":33},"end":{"line":24,"column":67}},"line":24},"2":{"name":"(anonymous_2)","decl":{"start":{"line":27,"column":29},"end":{"line":27,"column":null}},"loc":{"start":{"line":28,"column":13},"end":{"line":28,"column":null}},"line":28},"3":{"name":"(anonymous_3)","decl":{"start":{"line":46,"column":26},"end":{"line":46,"column":32}},"loc":{"start":{"line":46,"column":38},"end":{"line":46,"column":60}},"line":46},"4":{"name":"pairNightRun","decl":{"start":{"line":59,"column":16},"end":{"line":59,"column":29}},"loc":{"start":{"line":59,"column":85},"end":{"line":64,"column":null}},"line":59},"5":{"name":"(anonymous_5)","decl":{"start":{"line":61,"column":5},"end":{"line":61,"column":13}},"loc":{"start":{"line":61,"column":19},"end":{"line":61,"column":69}},"line":61},"6":{"name":"(anonymous_6)","decl":{"start":{"line":62,"column":5},"end":{"line":62,"column":10}},"loc":{"start":{"line":62,"column":16},"end":{"line":62,"column":22}},"line":62},"7":{"name":"shouldOfferEscalation","decl":{"start":{"line":70,"column":16},"end":{"line":70,"column":38}},"loc":{"start":{"line":70,"column":95},"end":{"line":77,"column":null}},"line":70},"8":{"name":"(anonymous_8)","decl":{"start":{"line":75,"column":41},"end":{"line":75,"column":47}},"loc":{"start":{"line":75,"column":53},"end":{"line":75,"column":96}},"line":75},"9":{"name":"buildEscalationCard","decl":{"start":{"line":83,"column":16},"end":{"line":83,"column":36}},"loc":{"start":{"line":83,"column":61},"end":{"line":119,"column":null}},"line":83},"10":{"name":"shouldEndBenzacMode","decl":{"start":{"line":125,"column":16},"end":{"line":125,"column":null}},"loc":{"start":{"line":130,"column":11},"end":{"line":135,"column":null}},"line":130},"11":{"name":"(anonymous_11)","decl":{"start":{"line":132,"column":23},"end":{"line":132,"column":29}},"loc":{"start":{"line":132,"column":35},"end":{"line":132,"column":55}},"line":132},"12":{"name":"(anonymous_12)","decl":{"start":{"line":134,"column":24},"end":{"line":134,"column":30}},"loc":{"start":{"line":134,"column":36},"end":{"line":134,"column":87}},"line":134}},"branchMap":{"0":{"loc":{"start":{"line":28,"column":13},"end":{"line":28,"column":null}},"type":"binary-expr","locations":[{"start":{"line":28,"column":13},"end":{"line":28,"column":37}},{"start":{"line":28,"column":37},"end":{"line":28,"column":63}},{"start":{"line":28,"column":63},"end":{"line":28,"column":null}}],"line":28},"1":{"loc":{"start":{"line":30,"column":4},"end":{"line":30,"column":null}},"type":"if","locations":[{"start":{"line":30,"column":4},"end":{"line":30,"column":null}},{"start":{},"end":{}}],"line":30},"2":{"loc":{"start":{"line":44,"column":18},"end":{"line":44,"column":null}},"type":"cond-expr","locations":[{"start":{"line":44,"column":42},"end":{"line":44,"column":64}},{"start":{"line":44,"column":64},"end":{"line":44,"column":null}}],"line":44},"3":{"loc":{"start":{"line":47,"column":4},"end":{"line":47,"column":null}},"type":"if","locations":[{"start":{"line":47,"column":4},"end":{"line":47,"column":null}},{"start":{},"end":{}}],"line":47},"4":{"loc":{"start":{"line":50,"column":4},"end":{"line":52,"column":null}},"type":"if","locations":[{"start":{"line":50,"column":4},"end":{"line":52,"column":null}},{"start":{},"end":{}}],"line":50},"5":{"loc":{"start":{"line":50,"column":8},"end":{"line":50,"column":69}},"type":"binary-expr","locations":[{"start":{"line":50,"column":8},"end":{"line":50,"column":38}},{"start":{"line":50,"column":38},"end":{"line":50,"column":69}}],"line":50},"6":{"loc":{"start":{"line":61,"column":19},"end":{"line":61,"column":69}},"type":"binary-expr","locations":[{"start":{"line":61,"column":19},"end":{"line":61,"column":38}},{"start":{"line":61,"column":38},"end":{"line":61,"column":69}}],"line":61},"7":{"loc":{"start":{"line":71,"column":2},"end":{"line":71,"column":null}},"type":"if","locations":[{"start":{"line":71,"column":2},"end":{"line":71,"column":null}},{"start":{},"end":{}}],"line":71},"8":{"loc":{"start":{"line":73,"column":2},"end":{"line":73,"column":null}},"type":"if","locations":[{"start":{"line":73,"column":2},"end":{"line":73,"column":null}},{"start":{},"end":{}}],"line":73},"9":{"loc":{"start":{"line":75,"column":53},"end":{"line":75,"column":96}},"type":"binary-expr","locations":[{"start":{"line":75,"column":53},"end":{"line":75,"column":78}},{"start":{"line":75,"column":78},"end":{"line":75,"column":96}}],"line":75},"10":{"loc":{"start":{"line":92,"column":18},"end":{"line":112,"column":null}},"type":"cond-expr","locations":[{"start":{"line":93,"column":6},"end":{"line":102,"column":null}},{"start":{"line":103,"column":6},"end":{"line":112,"column":null}}],"line":92},"11":{"loc":{"start":{"line":117,"column":25},"end":{"line":117,"column":null}},"type":"cond-expr","locations":[{"start":{"line":117,"column":42},"end":{"line":117,"column":59}},{"start":{"line":117,"column":59},"end":{"line":117,"column":null}}],"line":117},"12":{"loc":{"start":{"line":131,"column":2},"end":{"line":131,"column":null}},"type":"if","locations":[{"start":{"line":131,"column":2},"end":{"line":131,"column":null}},{"start":{},"end":{}}],"line":131},"13":{"loc":{"start":{"line":133,"column":2},"end":{"line":133,"column":null}},"type":"if","locations":[{"start":{"line":133,"column":2},"end":{"line":133,"column":null}},{"start":{},"end":{}}],"line":133},"14":{"loc":{"start":{"line":134,"column":36},"end":{"line":134,"column":87}},"type":"binary-expr","locations":[{"start":{"line":134,"column":36},"end":{"line":134,"column":66}},{"start":{"line":134,"column":66},"end":{"line":134,"column":87}}],"line":134}},"s":{"0":2,"1":32,"2":16,"3":32,"4":4,"5":1,"6":4,"7":1,"8":3,"9":32,"10":32,"11":4,"12":3,"13":4,"14":1,"15":3,"16":3,"17":3,"18":1,"19":32,"20":18,"21":79,"22":64,"23":18,"24":17,"25":1,"26":16,"27":16,"28":5,"29":11,"30":11,"31":1,"32":11,"33":12,"34":12,"35":12,"36":12,"37":7,"38":2,"39":5,"40":4,"41":5,"42":1,"43":4,"44":2},"f":{"0":32,"1":16,"2":1,"3":3,"4":18,"5":79,"6":64,"7":17,"8":1,"9":12,"10":7,"11":4,"12":2},"b":{"0":[1,1,1],"1":[1,3],"2":[29,3],"3":[1,3],"4":[1,2],"5":[3,2],"6":[79,79],"7":[1,16],"8":[5,11],"9":[1,1],"10":[9,3],"11":[9,3],"12":[2,5],"13":[1,4],"14":[2,2]},"meta":{"lastBranch":15,"lastFunction":13,"lastStatement":45,"seen":{"s:16:38:16:Infinity":0,"f:23:16:23:33":0,"s:24:15:24:Infinity":1,"f:24:21:24:26":1,"s:24:33:24:67":2,"s:26:2:42:Infinity":3,"s:27:22:29:Infinity":4,"f:27:29:27:Infinity":2,"s:28:13:28:Infinity":5,"b:28:13:28:37:28:37:28:63:28:63:28:Infinity":0,"b:30:4:30:Infinity:undefined:undefined:undefined:undefined":1,"s:30:4:30:Infinity":6,"s:30:19:30:Infinity":7,"s:31:4:41:Infinity":8,"s:44:18:44:Infinity":9,"b:44:42:44:64:44:64:44:Infinity":2,"s:45:2:53:Infinity":10,"s:46:19:46:Infinity":11,"f:46:26:46:32":3,"s:46:38:46:60":12,"b:47:4:47:Infinity:undefined:undefined:undefined:undefined":3,"s:47:4:47:Infinity":13,"s:47:17:47:Infinity":14,"s:48:21:48:Infinity":15,"s:49:4:49:Infinity":16,"b:50:4:52:Infinity:undefined:undefined:undefined:undefined":4,"s:50:4:52:Infinity":17,"b:50:8:50:38:50:38:50:69":5,"s:51:6:51:Infinity":18,"s:55:2:55:Infinity":19,"f:59:16:59:29":4,"s:60:16:62:Infinity":20,"f:61:5:61:13":5,"s:61:19:61:69":21,"b:61:19:61:38:61:38:61:69":6,"f:62:5:62:10":6,"s:62:16:62:22":22,"s:63:2:63:Infinity":23,"f:70:16:70:38":7,"b:71:2:71:Infinity:undefined:undefined:undefined:undefined":7,"s:71:2:71:Infinity":24,"s:71:31:71:Infinity":25,"s:72:14:72:Infinity":26,"b:73:2:73:Infinity:undefined:undefined:undefined:undefined":8,"s:73:2:73:Infinity":27,"s:73:36:73:Infinity":28,"s:74:8:74:Infinity":29,"s:75:28:75:Infinity":30,"f:75:41:75:47":8,"s:75:53:75:96":31,"b:75:53:75:78:75:78:75:96":9,"s:76:2:76:Infinity":32,"f:83:16:83:36":9,"s:84:25:84:Infinity":33,"s:85:25:91:Infinity":34,"s:92:18:112:Infinity":35,"b:93:6:102:Infinity:103:6:112:Infinity":10,"s:113:2:118:Infinity":36,"b:117:42:117:59:117:59:117:Infinity":11,"f:125:16:125:Infinity":10,"b:131:2:131:Infinity:undefined:undefined:undefined:undefined":12,"s:131:2:131:Infinity":37,"s:131:80:131:Infinity":38,"s:132:17:132:Infinity":39,"f:132:23:132:29":11,"s:132:35:132:55":40,"b:133:2:133:Infinity:undefined:undefined:undefined:undefined":13,"s:133:2:133:Infinity":41,"s:133:15:133:Infinity":42,"s:134:2:134:Infinity":43,"f:134:24:134:30":12,"s:134:36:134:87":44,"b:134:36:134:66:134:66:134:87":14},"fnNames":{}}}
,"/Users/calvin/Documents/Claude/Skincare app/routine/src/engine/types.ts": {"path":"/Users/calvin/Documents/Claude/Skincare app/routine/src/engine/types.ts","statementMap":{"0":{"start":{"line":12,"column":24},"end":{"line":20,"column":null}},"1":{"start":{"line":27,"column":25},"end":{"line":27,"column":null}},"2":{"start":{"line":35,"column":27},"end":{"line":35,"column":null}},"3":{"start":{"line":38,"column":27},"end":{"line":49,"column":null}},"4":{"start":{"line":52,"column":21},"end":{"line":65,"column":null}},"5":{"start":{"line":93,"column":32},"end":{"line":101,"column":null}}},"fnMap":{},"branchMap":{},"s":{"0":8,"1":8,"2":8,"3":8,"4":8,"5":8},"f":{},"b":{},"meta":{"lastBranch":0,"lastFunction":0,"lastStatement":6,"seen":{"s:12:24:20:Infinity":0,"s:27:25:27:Infinity":1,"s:35:27:35:Infinity":2,"s:38:27:49:Infinity":3,"s:52:21:65:Infinity":4,"s:93:32:101:Infinity":5},"fnNames":{}}}
,"/Users/calvin/Documents/Claude/Skincare app/routine/src/engine/weather.ts": {"path":"/Users/calvin/Documents/Claude/Skincare app/routine/src/engine/weather.ts","statementMap":{"0":{"start":{"line":4,"column":61},"end":{"line":12,"column":null}},"1":{"start":{"line":27,"column":31},"end":{"line":33,"column":null}},"2":{"start":{"line":41,"column":2},"end":{"line":41,"column":null}},"3":{"start":{"line":41,"column":25},"end":{"line":41,"column":null}},"4":{"start":{"line":42,"column":2},"end":{"line":50,"column":null}}},"fnMap":{"0":{"name":"weatherModifiers","decl":{"start":{"line":36,"column":16},"end":{"line":36,"column":null}},"loc":{"start":{"line":40,"column":20},"end":{"line":51,"column":null}},"line":40}},"branchMap":{"0":{"loc":{"start":{"line":41,"column":2},"end":{"line":41,"column":null}},"type":"if","locations":[{"start":{"line":41,"column":2},"end":{"line":41,"column":null}},{"start":{},"end":{}}],"line":41},"1":{"loc":{"start":{"line":44,"column":6},"end":{"line":44,"column":null}},"type":"binary-expr","locations":[{"start":{"line":44,"column":6},"end":{"line":44,"column":47}},{"start":{"line":44,"column":47},"end":{"line":44,"column":null}}],"line":44},"2":{"loc":{"start":{"line":47,"column":6},"end":{"line":47,"column":null}},"type":"binary-expr","locations":[{"start":{"line":47,"column":6},"end":{"line":47,"column":48}},{"start":{"line":47,"column":48},"end":{"line":47,"column":null}}],"line":47},"3":{"loc":{"start":{"line":49,"column":18},"end":{"line":49,"column":null}},"type":"binary-expr","locations":[{"start":{"line":49,"column":18},"end":{"line":49,"column":67}},{"start":{"line":49,"column":67},"end":{"line":49,"column":null}}],"line":49}},"s":{"0":8,"1":8,"2":87,"3":67,"4":20},"f":{"0":87},"b":{"0":[67,20],"1":[20,10],"2":[87,17],"3":[87,9]},"meta":{"lastBranch":4,"lastFunction":1,"lastStatement":5,"seen":{"s:4:61:12:Infinity":0,"s:27:31:33:Infinity":1,"f:36:16:36:Infinity":0,"b:41:2:41:Infinity:undefined:undefined:undefined:undefined":0,"s:41:2:41:Infinity":2,"s:41:25:41:Infinity":3,"s:42:2:50:Infinity":4,"b:44:6:44:47:44:47:44:Infinity":1,"b:47:6:47:48:47:48:47:Infinity":2,"b:49:18:49:67:49:67:49:Infinity":3},"fnNames":{}}}
}
